2025-12-31 06:47:21,548 [root] [INFO] using device: cuda
2025-12-31 06:47:32,113 [training] [INFO] training_size: 130527, testing_size: 14502
2025-12-31 06:47:34,115 [training] [INFO] start training epochs 1
2025-12-31 06:47:39,912 [training] [INFO] training steps: 100, Loss: 1.7610
2025-12-31 06:47:44,601 [training] [INFO] training steps: 200, Loss: 1.7430
2025-12-31 06:47:49,287 [training] [INFO] training steps: 300, Loss: 1.6692
2025-12-31 06:47:53,974 [training] [INFO] training steps: 400, Loss: 1.4815
2025-12-31 06:47:58,662 [training] [INFO] training steps: 500, Loss: 3.3194
2025-12-31 06:47:59,234 [training] [INFO] epoch 1 train loss:5.035575837013768
2025-12-31 06:48:00,591 [training] [INFO] epoch 1 test loss:1.2107
2025-12-31 06:48:00,591 [training] [INFO] start training epochs 2
2025-12-31 06:48:05,391 [training] [INFO] training steps: 600, Loss: 1.8530
2025-12-31 06:48:10,100 [training] [INFO] training steps: 700, Loss: 1.0057
2025-12-31 06:48:14,811 [training] [INFO] training steps: 800, Loss: 1.1674
2025-12-31 06:48:19,522 [training] [INFO] training steps: 900, Loss: 1.4649
2025-12-31 06:48:24,241 [training] [INFO] training steps: 1000, Loss: 1.2968
2025-12-31 06:48:25,215 [training] [INFO] epoch 2 train loss:1.5105219220413881
2025-12-31 06:48:26,539 [training] [INFO] epoch 2 test loss:1.0781
2025-12-31 06:48:26,539 [training] [INFO] start training epochs 3
2025-12-31 06:48:30,866 [training] [INFO] training steps: 1100, Loss: 1.2626
2025-12-31 06:48:35,581 [training] [INFO] training steps: 1200, Loss: 1.2790
2025-12-31 06:48:40,299 [training] [INFO] training steps: 1300, Loss: 1.4483
2025-12-31 06:48:45,022 [training] [INFO] training steps: 1400, Loss: 3.8232
2025-12-31 06:48:49,741 [training] [INFO] training steps: 1500, Loss: 1.0447
2025-12-31 06:48:51,187 [training] [INFO] epoch 3 train loss:1.4599507397296383
2025-12-31 06:48:52,492 [training] [INFO] epoch 3 test loss:0.8527
2025-12-31 06:48:52,492 [training] [INFO] start training epochs 4
2025-12-31 06:48:56,331 [training] [INFO] training steps: 1600, Loss: 1.1437
2025-12-31 06:49:01,027 [training] [INFO] training steps: 1700, Loss: 1.1863
2025-12-31 06:49:05,721 [training] [INFO] training steps: 1800, Loss: 0.8498
2025-12-31 06:49:10,411 [training] [INFO] training steps: 1900, Loss: 1.5483
2025-12-31 06:49:15,100 [training] [INFO] training steps: 2000, Loss: 0.6666
2025-12-31 06:49:17,009 [training] [INFO] epoch 4 train loss:1.235959197843776
2025-12-31 06:49:18,320 [training] [INFO] epoch 4 test loss:1.2199
2025-12-31 06:49:18,320 [training] [INFO] start training epochs 5
2025-12-31 06:49:21,710 [training] [INFO] training steps: 2100, Loss: 1.1704
2025-12-31 06:49:26,397 [training] [INFO] training steps: 2200, Loss: 0.8219
2025-12-31 06:49:31,085 [training] [INFO] training steps: 2300, Loss: 0.9537
2025-12-31 06:49:35,770 [training] [INFO] training steps: 2400, Loss: 2.3292
2025-12-31 06:49:40,464 [training] [INFO] training steps: 2500, Loss: 1.0966
2025-12-31 06:49:42,836 [training] [INFO] epoch 5 train loss:1.1870294035649767
2025-12-31 06:49:44,155 [training] [INFO] epoch 5 test loss:0.8493
2025-12-31 06:49:44,156 [training] [INFO] start training epochs 6
2025-12-31 06:49:47,086 [training] [INFO] training steps: 2600, Loss: 1.0227
2025-12-31 06:49:51,801 [training] [INFO] training steps: 2700, Loss: 1.9956
2025-12-31 06:49:56,517 [training] [INFO] training steps: 2800, Loss: 0.7748
2025-12-31 06:50:01,237 [training] [INFO] training steps: 2900, Loss: 0.6894
2025-12-31 06:50:05,954 [training] [INFO] training steps: 3000, Loss: 2.1350
2025-12-31 06:50:08,811 [training] [INFO] epoch 6 train loss:1.0439052983826282
2025-12-31 06:50:10,123 [training] [INFO] epoch 6 test loss:1.0656
2025-12-31 06:50:10,123 [training] [INFO] start training epochs 7
2025-12-31 06:50:12,578 [training] [INFO] training steps: 3100, Loss: 1.9421
2025-12-31 06:50:17,293 [training] [INFO] training steps: 3200, Loss: 0.7101
2025-12-31 06:50:22,011 [training] [INFO] training steps: 3300, Loss: 1.4165
2025-12-31 06:50:26,725 [training] [INFO] training steps: 3400, Loss: 0.9162
2025-12-31 06:50:31,439 [training] [INFO] training steps: 3500, Loss: 0.8144
2025-12-31 06:50:34,773 [training] [INFO] epoch 7 train loss:0.9824196578240862
2025-12-31 06:50:36,089 [training] [INFO] epoch 7 test loss:1.0140
2025-12-31 06:50:36,090 [training] [INFO] start training epochs 8
2025-12-31 06:50:38,060 [training] [INFO] training steps: 3600, Loss: 0.8094
2025-12-31 06:50:42,766 [training] [INFO] training steps: 3700, Loss: 0.9102
2025-12-31 06:50:47,471 [training] [INFO] training steps: 3800, Loss: 0.7441
2025-12-31 06:50:52,177 [training] [INFO] training steps: 3900, Loss: 1.2052
2025-12-31 06:50:56,888 [training] [INFO] training steps: 4000, Loss: 0.5610
2025-12-31 06:51:00,688 [training] [INFO] epoch 8 train loss:0.9675839992714863
2025-12-31 06:51:02,008 [training] [INFO] epoch 8 test loss:0.8053
2025-12-31 06:51:02,009 [training] [INFO] start training epochs 9
2025-12-31 06:51:03,532 [training] [INFO] training steps: 4100, Loss: 0.8247
2025-12-31 06:51:08,247 [training] [INFO] training steps: 4200, Loss: 0.6822
2025-12-31 06:51:12,961 [training] [INFO] training steps: 4300, Loss: 0.5784
2025-12-31 06:51:17,681 [training] [INFO] training steps: 4400, Loss: 0.6529
2025-12-31 06:51:22,396 [training] [INFO] training steps: 4500, Loss: 0.6315
2025-12-31 06:51:26,675 [training] [INFO] epoch 9 train loss:0.8705950097710479
2025-12-31 06:51:27,986 [training] [INFO] epoch 9 test loss:0.8500
2025-12-31 06:51:27,987 [training] [INFO] start training epochs 10
2025-12-31 06:51:29,020 [training] [INFO] training steps: 4600, Loss: 0.8107
2025-12-31 06:51:33,700 [training] [INFO] training steps: 4700, Loss: 1.0517
2025-12-31 06:51:38,384 [training] [INFO] training steps: 4800, Loss: 1.0876
2025-12-31 06:51:43,061 [training] [INFO] training steps: 4900, Loss: 0.5479
2025-12-31 06:51:47,761 [training] [INFO] training steps: 5000, Loss: 0.8248
2025-12-31 06:51:52,449 [training] [INFO] training steps: 5100, Loss: 1.8677
2025-12-31 06:51:52,475 [training] [INFO] epoch 10 train loss:0.8735390726257773
2025-12-31 06:51:53,789 [training] [INFO] epoch 10 test loss:0.7525
2025-12-31 06:51:53,790 [training] [INFO] start training epochs 11
2025-12-31 06:51:59,054 [training] [INFO] training steps: 5200, Loss: 0.7021
2025-12-31 06:52:03,734 [training] [INFO] training steps: 5300, Loss: 0.7083
2025-12-31 06:52:08,413 [training] [INFO] training steps: 5400, Loss: 0.6565
2025-12-31 06:52:13,144 [training] [INFO] training steps: 5500, Loss: 1.1549
2025-12-31 06:52:17,948 [training] [INFO] training steps: 5600, Loss: 0.6132
2025-12-31 06:52:18,461 [training] [INFO] epoch 11 train loss:0.8610286075694888
2025-12-31 06:52:19,786 [training] [INFO] epoch 11 test loss:0.6846
2025-12-31 06:52:19,786 [training] [INFO] start training epochs 12
2025-12-31 06:52:24,634 [training] [INFO] training steps: 5700, Loss: 0.5278
2025-12-31 06:52:29,393 [training] [INFO] training steps: 5800, Loss: 0.6176
2025-12-31 06:52:34,187 [training] [INFO] training steps: 5900, Loss: 0.6589
2025-12-31 06:52:38,966 [training] [INFO] training steps: 6000, Loss: 0.8346
2025-12-31 06:52:43,673 [training] [INFO] training steps: 6100, Loss: 0.6338
2025-12-31 06:52:44,650 [training] [INFO] epoch 12 train loss:0.7894792329446942
2025-12-31 06:52:45,980 [training] [INFO] epoch 12 test loss:0.7675
2025-12-31 06:52:45,981 [training] [INFO] start training epochs 13
2025-12-31 06:52:50,280 [training] [INFO] training steps: 6200, Loss: 0.4974
2025-12-31 06:52:54,994 [training] [INFO] training steps: 6300, Loss: 0.4105
2025-12-31 06:52:59,785 [training] [INFO] training steps: 6400, Loss: 0.6958
2025-12-31 06:53:04,549 [training] [INFO] training steps: 6500, Loss: 1.0672
2025-12-31 06:53:09,275 [training] [INFO] training steps: 6600, Loss: 2.6903
2025-12-31 06:53:10,726 [training] [INFO] epoch 13 train loss:0.88750333581485
2025-12-31 06:53:12,061 [training] [INFO] epoch 13 test loss:1.9614
2025-12-31 06:53:12,061 [training] [INFO] start training epochs 14
2025-12-31 06:53:15,964 [training] [INFO] training steps: 6700, Loss: 0.9242
2025-12-31 06:53:20,721 [training] [INFO] training steps: 6800, Loss: 0.6190
2025-12-31 06:53:25,560 [training] [INFO] training steps: 6900, Loss: 0.6022
2025-12-31 06:53:30,330 [training] [INFO] training steps: 7000, Loss: 0.7697
2025-12-31 06:53:35,082 [training] [INFO] training steps: 7100, Loss: 0.9816
2025-12-31 06:53:37,024 [training] [INFO] epoch 14 train loss:0.9193048726694256
2025-12-31 06:53:38,350 [training] [INFO] epoch 14 test loss:0.8439
2025-12-31 06:53:38,350 [training] [INFO] start training epochs 15
2025-12-31 06:53:41,760 [training] [INFO] training steps: 7200, Loss: 1.9115
2025-12-31 06:53:46,554 [training] [INFO] training steps: 7300, Loss: 0.4571
2025-12-31 06:53:51,271 [training] [INFO] training steps: 7400, Loss: 0.6503
2025-12-31 06:53:55,988 [training] [INFO] training steps: 7500, Loss: 0.6908
2025-12-31 06:54:00,702 [training] [INFO] training steps: 7600, Loss: 0.5559
2025-12-31 06:54:03,100 [training] [INFO] epoch 15 train loss:0.7631701838736441
2025-12-31 06:54:04,421 [training] [INFO] epoch 15 test loss:0.6503
2025-12-31 06:54:04,421 [training] [INFO] start training epochs 16
2025-12-31 06:54:07,354 [training] [INFO] training steps: 7700, Loss: 0.6549
2025-12-31 06:54:12,134 [training] [INFO] training steps: 7800, Loss: 0.9114
2025-12-31 06:54:16,859 [training] [INFO] training steps: 7900, Loss: 0.5495
2025-12-31 06:54:21,575 [training] [INFO] training steps: 8000, Loss: 0.5324
2025-12-31 06:54:26,293 [training] [INFO] training steps: 8100, Loss: 0.9701
2025-12-31 06:54:29,164 [training] [INFO] epoch 16 train loss:0.7451665759670968
2025-12-31 06:54:30,595 [training] [INFO] epoch 16 test loss:1.0754
2025-12-31 06:54:30,595 [training] [INFO] start training epochs 17
2025-12-31 06:54:33,132 [training] [INFO] training steps: 8200, Loss: 0.6156
2025-12-31 06:54:37,870 [training] [INFO] training steps: 8300, Loss: 0.5994
2025-12-31 06:54:42,613 [training] [INFO] training steps: 8400, Loss: 1.0529
2025-12-31 06:54:47,476 [training] [INFO] training steps: 8500, Loss: 0.6862
2025-12-31 06:54:52,215 [training] [INFO] training steps: 8600, Loss: 0.5863
2025-12-31 06:54:55,573 [training] [INFO] epoch 17 train loss:0.7039530678707011
2025-12-31 06:54:56,900 [training] [INFO] epoch 17 test loss:0.6175
2025-12-31 06:54:56,901 [training] [INFO] start training epochs 18
2025-12-31 06:54:58,859 [training] [INFO] training steps: 8700, Loss: 0.8192
2025-12-31 06:55:03,597 [training] [INFO] training steps: 8800, Loss: 0.6353
2025-12-31 06:55:08,339 [training] [INFO] training steps: 8900, Loss: 0.7712
2025-12-31 06:55:13,076 [training] [INFO] training steps: 9000, Loss: 0.5908
2025-12-31 06:55:17,810 [training] [INFO] training steps: 9100, Loss: 0.9769
2025-12-31 06:55:21,631 [training] [INFO] epoch 18 train loss:0.6910815664950539
2025-12-31 06:55:22,952 [training] [INFO] epoch 18 test loss:0.7006
2025-12-31 06:55:22,952 [training] [INFO] start training epochs 19
2025-12-31 06:55:24,448 [training] [INFO] training steps: 9200, Loss: 0.7160
2025-12-31 06:55:29,192 [training] [INFO] training steps: 9300, Loss: 0.4673
2025-12-31 06:55:33,936 [training] [INFO] training steps: 9400, Loss: 0.5895
2025-12-31 06:55:38,679 [training] [INFO] training steps: 9500, Loss: 0.6281
2025-12-31 06:55:43,423 [training] [INFO] training steps: 9600, Loss: 0.8621
2025-12-31 06:55:47,729 [training] [INFO] epoch 19 train loss:0.675065460450509
2025-12-31 06:55:49,061 [training] [INFO] epoch 19 test loss:0.7095
2025-12-31 06:55:49,061 [training] [INFO] start training epochs 20
2025-12-31 06:55:50,093 [training] [INFO] training steps: 9700, Loss: 0.5360
2025-12-31 06:55:54,837 [training] [INFO] training steps: 9800, Loss: 0.6423
2025-12-31 06:55:59,577 [training] [INFO] training steps: 9900, Loss: 0.6483
2025-12-31 06:56:04,317 [training] [INFO] training steps: 10000, Loss: 1.0815
2025-12-31 06:56:09,058 [training] [INFO] training steps: 10100, Loss: 1.0551
2025-12-31 06:56:13,811 [training] [INFO] training steps: 10200, Loss: 0.8046
2025-12-31 06:56:13,837 [training] [INFO] epoch 20 train loss:0.6936680076169033
2025-12-31 06:56:15,150 [training] [INFO] epoch 20 test loss:0.6358
2025-12-31 06:56:15,151 [training] [INFO] start training epochs 21
2025-12-31 06:56:20,449 [training] [INFO] training steps: 10300, Loss: 0.5775
2025-12-31 06:56:25,191 [training] [INFO] training steps: 10400, Loss: 0.6002
2025-12-31 06:56:29,938 [training] [INFO] training steps: 10500, Loss: 0.6824
2025-12-31 06:56:34,687 [training] [INFO] training steps: 10600, Loss: 0.4926
2025-12-31 06:56:39,435 [training] [INFO] training steps: 10700, Loss: 0.4662
2025-12-31 06:56:39,943 [training] [INFO] epoch 21 train loss:0.661485592173595
2025-12-31 06:56:41,258 [training] [INFO] epoch 21 test loss:0.5340
2025-12-31 06:56:41,258 [training] [INFO] start training epochs 22
2025-12-31 06:56:46,095 [training] [INFO] training steps: 10800, Loss: 0.5365
2025-12-31 06:56:50,844 [training] [INFO] training steps: 10900, Loss: 0.4369
2025-12-31 06:56:55,595 [training] [INFO] training steps: 11000, Loss: 0.5817
2025-12-31 06:57:00,350 [training] [INFO] training steps: 11100, Loss: 0.6639
2025-12-31 06:57:05,098 [training] [INFO] training steps: 11200, Loss: 0.5451
2025-12-31 06:57:06,082 [training] [INFO] epoch 22 train loss:0.640994604603917
2025-12-31 06:57:07,405 [training] [INFO] epoch 22 test loss:0.7416
2025-12-31 06:57:07,405 [training] [INFO] start training epochs 23
2025-12-31 06:57:11,751 [training] [INFO] training steps: 11300, Loss: 0.5783
2025-12-31 06:57:16,495 [training] [INFO] training steps: 11400, Loss: 1.0964
2025-12-31 06:57:21,239 [training] [INFO] training steps: 11500, Loss: 0.5449
2025-12-31 06:57:25,974 [training] [INFO] training steps: 11600, Loss: 0.6025
2025-12-31 06:57:30,701 [training] [INFO] training steps: 11700, Loss: 0.6163
2025-12-31 06:57:32,153 [training] [INFO] epoch 23 train loss:0.6322670613433801
2025-12-31 06:57:33,472 [training] [INFO] epoch 23 test loss:0.5749
2025-12-31 06:57:33,472 [training] [INFO] start training epochs 24
2025-12-31 06:57:37,379 [training] [INFO] training steps: 11800, Loss: 0.6160
2025-12-31 06:57:42,129 [training] [INFO] training steps: 11900, Loss: 0.4596
2025-12-31 06:57:46,854 [training] [INFO] training steps: 12000, Loss: 0.6225
2025-12-31 06:57:51,576 [training] [INFO] training steps: 12100, Loss: 0.6149
2025-12-31 06:57:56,313 [training] [INFO] training steps: 12200, Loss: 0.6231
2025-12-31 06:57:58,250 [training] [INFO] epoch 24 train loss:0.6095812321877947
2025-12-31 06:57:59,575 [training] [INFO] epoch 24 test loss:0.6086
2025-12-31 06:57:59,575 [training] [INFO] start training epochs 25
2025-12-31 06:58:03,007 [training] [INFO] training steps: 12300, Loss: 0.7190
2025-12-31 06:58:07,759 [training] [INFO] training steps: 12400, Loss: 0.6714
2025-12-31 06:58:12,520 [training] [INFO] training steps: 12500, Loss: 0.6592
2025-12-31 06:58:17,287 [training] [INFO] training steps: 12600, Loss: 0.5528
2025-12-31 06:58:22,056 [training] [INFO] training steps: 12700, Loss: 0.5452
2025-12-31 06:58:24,470 [training] [INFO] epoch 25 train loss:0.6025312790683671
2025-12-31 06:58:25,795 [training] [INFO] epoch 25 test loss:0.5462
2025-12-31 06:58:25,795 [training] [INFO] start training epochs 26
2025-12-31 06:58:28,700 [training] [INFO] training steps: 12800, Loss: 0.7628
2025-12-31 06:58:33,450 [training] [INFO] training steps: 12900, Loss: 0.6249
2025-12-31 06:58:38,206 [training] [INFO] training steps: 13000, Loss: 0.6691
2025-12-31 06:58:42,972 [training] [INFO] training steps: 13100, Loss: 0.5875
2025-12-31 06:58:47,726 [training] [INFO] training steps: 13200, Loss: 0.6972
2025-12-31 06:58:50,609 [training] [INFO] epoch 26 train loss:0.5872003727683834
2025-12-31 06:58:51,954 [training] [INFO] epoch 26 test loss:0.5442
2025-12-31 06:58:51,955 [training] [INFO] start training epochs 27
2025-12-31 06:58:54,424 [training] [INFO] training steps: 13300, Loss: 0.3084
2025-12-31 06:58:59,165 [training] [INFO] training steps: 13400, Loss: 0.5362
2025-12-31 06:59:03,907 [training] [INFO] training steps: 13500, Loss: 0.9020
2025-12-31 06:59:08,647 [training] [INFO] training steps: 13600, Loss: 0.5721
2025-12-31 06:59:13,379 [training] [INFO] training steps: 13700, Loss: 0.5427
2025-12-31 06:59:16,731 [training] [INFO] epoch 27 train loss:0.5873270235225266
2025-12-31 06:59:18,068 [training] [INFO] epoch 27 test loss:0.5299
2025-12-31 06:59:18,068 [training] [INFO] start training epochs 28
2025-12-31 06:59:20,042 [training] [INFO] training steps: 13800, Loss: 0.4079
2025-12-31 06:59:24,783 [training] [INFO] training steps: 13900, Loss: 0.4380
2025-12-31 06:59:29,480 [training] [INFO] training steps: 14000, Loss: 0.6711
2025-12-31 06:59:34,181 [training] [INFO] training steps: 14100, Loss: 0.4186
2025-12-31 06:59:38,883 [training] [INFO] training steps: 14200, Loss: 0.5063
2025-12-31 06:59:42,680 [training] [INFO] epoch 28 train loss:0.5879964497159509
2025-12-31 06:59:43,997 [training] [INFO] epoch 28 test loss:0.6220
2025-12-31 06:59:43,998 [training] [INFO] start training epochs 29
2025-12-31 06:59:45,520 [training] [INFO] training steps: 14300, Loss: 0.5542
2025-12-31 06:59:50,239 [training] [INFO] training steps: 14400, Loss: 0.7821
2025-12-31 06:59:54,963 [training] [INFO] training steps: 14500, Loss: 0.4211
2025-12-31 06:59:59,688 [training] [INFO] training steps: 14600, Loss: 0.5285
2025-12-31 07:00:04,425 [training] [INFO] training steps: 14700, Loss: 0.4831
2025-12-31 07:00:08,713 [training] [INFO] epoch 29 train loss:0.5638003691738727
2025-12-31 07:00:10,030 [training] [INFO] epoch 29 test loss:0.7091
2025-12-31 07:00:10,030 [training] [INFO] start training epochs 30
2025-12-31 07:00:11,092 [training] [INFO] training steps: 14800, Loss: 0.4500
2025-12-31 07:00:15,812 [training] [INFO] training steps: 14900, Loss: 0.4285
2025-12-31 07:00:20,530 [training] [INFO] training steps: 15000, Loss: 0.4894
2025-12-31 07:00:25,253 [training] [INFO] training steps: 15100, Loss: 0.4185
2025-12-31 07:00:29,968 [training] [INFO] training steps: 15200, Loss: 0.5153
2025-12-31 07:00:34,692 [training] [INFO] training steps: 15300, Loss: 0.5367
2025-12-31 07:00:34,719 [training] [INFO] epoch 30 train loss:0.548957122833121
2025-12-31 07:00:36,053 [training] [INFO] epoch 30 test loss:0.5316
2025-12-31 07:00:36,054 [training] [INFO] start training epochs 31
2025-12-31 07:00:41,347 [training] [INFO] training steps: 15400, Loss: 0.5276
2025-12-31 07:00:46,082 [training] [INFO] training steps: 15500, Loss: 0.6437
2025-12-31 07:00:50,810 [training] [INFO] training steps: 15600, Loss: 0.5556
2025-12-31 07:00:55,542 [training] [INFO] training steps: 15700, Loss: 0.4564
2025-12-31 07:01:00,273 [training] [INFO] training steps: 15800, Loss: 0.4636
2025-12-31 07:01:00,776 [training] [INFO] epoch 31 train loss:0.5329329209000456
2025-12-31 07:01:02,105 [training] [INFO] epoch 31 test loss:0.4509
2025-12-31 07:01:02,105 [training] [INFO] start training epochs 32
2025-12-31 07:01:06,898 [training] [INFO] training steps: 15900, Loss: 0.4094
2025-12-31 07:01:11,610 [training] [INFO] training steps: 16000, Loss: 0.6190
2025-12-31 07:01:16,324 [training] [INFO] training steps: 16100, Loss: 0.3578
2025-12-31 07:01:21,040 [training] [INFO] training steps: 16200, Loss: 0.5534
2025-12-31 07:01:25,744 [training] [INFO] training steps: 16300, Loss: 0.4972
2025-12-31 07:01:26,714 [training] [INFO] epoch 32 train loss:0.5463615097251593
2025-12-31 07:01:28,025 [training] [INFO] epoch 32 test loss:0.4601
2025-12-31 07:01:28,026 [training] [INFO] start training epochs 33
2025-12-31 07:01:32,367 [training] [INFO] training steps: 16400, Loss: 0.4311
2025-12-31 07:01:37,058 [training] [INFO] training steps: 16500, Loss: 0.4772
2025-12-31 07:01:41,751 [training] [INFO] training steps: 16600, Loss: 0.6117
2025-12-31 07:01:46,436 [training] [INFO] training steps: 16700, Loss: 0.3609
2025-12-31 07:01:51,124 [training] [INFO] training steps: 16800, Loss: 0.3528
2025-12-31 07:01:52,566 [training] [INFO] epoch 33 train loss:0.5321316633154364
2025-12-31 07:01:53,878 [training] [INFO] epoch 33 test loss:0.6078
2025-12-31 07:01:53,879 [training] [INFO] start training epochs 34
2025-12-31 07:01:57,747 [training] [INFO] training steps: 16900, Loss: 0.3863
2025-12-31 07:02:02,436 [training] [INFO] training steps: 17000, Loss: 0.5160
2025-12-31 07:02:07,121 [training] [INFO] training steps: 17100, Loss: 0.4703
2025-12-31 07:02:11,818 [training] [INFO] training steps: 17200, Loss: 0.3835
2025-12-31 07:02:16,521 [training] [INFO] training steps: 17300, Loss: 0.5384
2025-12-31 07:02:18,438 [training] [INFO] epoch 34 train loss:0.5205176970537971
2025-12-31 07:02:19,746 [training] [INFO] epoch 34 test loss:0.5336
2025-12-31 07:02:19,746 [training] [INFO] start training epochs 35
2025-12-31 07:02:23,115 [training] [INFO] training steps: 17400, Loss: 0.6328
2025-12-31 07:02:27,818 [training] [INFO] training steps: 17500, Loss: 0.6491
2025-12-31 07:02:32,531 [training] [INFO] training steps: 17600, Loss: 0.3935
2025-12-31 07:02:37,244 [training] [INFO] training steps: 17700, Loss: 0.4438
2025-12-31 07:02:41,959 [training] [INFO] training steps: 17800, Loss: 0.5537
2025-12-31 07:02:44,348 [training] [INFO] epoch 35 train loss:0.5355323938762441
2025-12-31 07:02:45,670 [training] [INFO] epoch 35 test loss:0.4569
2025-12-31 07:02:45,670 [training] [INFO] start training epochs 36
2025-12-31 07:02:48,567 [training] [INFO] training steps: 17900, Loss: 0.3913
2025-12-31 07:02:53,246 [training] [INFO] training steps: 18000, Loss: 0.5829
2025-12-31 07:02:57,930 [training] [INFO] training steps: 18100, Loss: 0.2706
2025-12-31 07:03:02,606 [training] [INFO] training steps: 18200, Loss: 0.4858
2025-12-31 07:03:07,286 [training] [INFO] training steps: 18300, Loss: 0.5040
2025-12-31 07:03:10,133 [training] [INFO] epoch 36 train loss:0.500322397666819
2025-12-31 07:03:11,429 [training] [INFO] epoch 36 test loss:0.5783
2025-12-31 07:03:11,429 [training] [INFO] start training epochs 37
2025-12-31 07:03:13,862 [training] [INFO] training steps: 18400, Loss: 0.4824
2025-12-31 07:03:18,549 [training] [INFO] training steps: 18500, Loss: 0.8356
2025-12-31 07:03:23,232 [training] [INFO] training steps: 18600, Loss: 0.3834
2025-12-31 07:03:27,920 [training] [INFO] training steps: 18700, Loss: 0.2989
2025-12-31 07:03:32,610 [training] [INFO] training steps: 18800, Loss: 0.6449
2025-12-31 07:03:35,933 [training] [INFO] epoch 37 train loss:0.511119885245959
2025-12-31 07:03:37,240 [training] [INFO] epoch 37 test loss:0.5416
2025-12-31 07:03:37,240 [training] [INFO] start training epochs 38
2025-12-31 07:03:39,218 [training] [INFO] training steps: 18900, Loss: 0.4904
2025-12-31 07:03:43,923 [training] [INFO] training steps: 19000, Loss: 0.3825
2025-12-31 07:03:48,629 [training] [INFO] training steps: 19100, Loss: 0.4895
2025-12-31 07:03:53,336 [training] [INFO] training steps: 19200, Loss: 0.5128
2025-12-31 07:03:58,047 [training] [INFO] training steps: 19300, Loss: 0.4948
2025-12-31 07:04:01,842 [training] [INFO] epoch 38 train loss:0.49942555661294974
2025-12-31 07:04:03,175 [training] [INFO] epoch 38 test loss:0.5200
2025-12-31 07:04:03,176 [training] [INFO] start training epochs 39
2025-12-31 07:04:04,698 [training] [INFO] training steps: 19400, Loss: 0.7462
2025-12-31 07:04:09,397 [training] [INFO] training steps: 19500, Loss: 0.4622
2025-12-31 07:04:14,097 [training] [INFO] training steps: 19600, Loss: 0.7347
2025-12-31 07:04:18,786 [training] [INFO] training steps: 19700, Loss: 0.5086
2025-12-31 07:04:23,466 [training] [INFO] training steps: 19800, Loss: 1.1177
2025-12-31 07:04:27,713 [training] [INFO] epoch 39 train loss:0.4922188992593803
2025-12-31 07:04:29,035 [training] [INFO] epoch 39 test loss:0.4919
2025-12-31 07:04:29,036 [training] [INFO] start training epochs 40
2025-12-31 07:04:30,042 [training] [INFO] training steps: 19900, Loss: 0.3993
2025-12-31 07:04:34,761 [training] [INFO] training steps: 20000, Loss: 0.4095
2025-12-31 07:04:39,472 [training] [INFO] training steps: 20100, Loss: 0.4182
2025-12-31 07:04:44,185 [training] [INFO] training steps: 20200, Loss: 0.5401
2025-12-31 07:04:48,901 [training] [INFO] training steps: 20300, Loss: 0.4852
2025-12-31 07:04:53,623 [training] [INFO] training steps: 20400, Loss: 0.3333
2025-12-31 07:04:53,650 [training] [INFO] epoch 40 train loss:0.4909117989095987
2025-12-31 07:04:54,957 [training] [INFO] epoch 40 test loss:0.4780
2025-12-31 07:04:54,957 [training] [INFO] start training epochs 41
2025-12-31 07:05:00,217 [training] [INFO] training steps: 20500, Loss: 0.4508
2025-12-31 07:05:04,900 [training] [INFO] training steps: 20600, Loss: 0.4799
2025-12-31 07:05:09,582 [training] [INFO] training steps: 20700, Loss: 0.3872
2025-12-31 07:05:14,287 [training] [INFO] training steps: 20800, Loss: 0.5684
2025-12-31 07:05:18,992 [training] [INFO] training steps: 20900, Loss: 0.5205
2025-12-31 07:05:19,498 [training] [INFO] epoch 41 train loss:0.4902683245785096
2025-12-31 07:05:20,794 [training] [INFO] epoch 41 test loss:0.4893
2025-12-31 07:05:20,795 [training] [INFO] start training epochs 42
2025-12-31 07:05:25,627 [training] [INFO] training steps: 21000, Loss: 0.4192
2025-12-31 07:05:30,347 [training] [INFO] training steps: 21100, Loss: 0.4015
2025-12-31 07:05:35,069 [training] [INFO] training steps: 21200, Loss: 0.4103
2025-12-31 07:05:39,786 [training] [INFO] training steps: 21300, Loss: 0.4218
2025-12-31 07:05:44,504 [training] [INFO] training steps: 21400, Loss: 0.6480
2025-12-31 07:05:45,483 [training] [INFO] epoch 42 train loss:0.4778701335191727
2025-12-31 07:05:46,797 [training] [INFO] epoch 42 test loss:0.6320
2025-12-31 07:05:46,797 [training] [INFO] start training epochs 43
2025-12-31 07:05:51,137 [training] [INFO] training steps: 21500, Loss: 0.2762
2025-12-31 07:05:55,839 [training] [INFO] training steps: 21600, Loss: 0.3894
2025-12-31 07:06:00,545 [training] [INFO] training steps: 21700, Loss: 0.6440
2025-12-31 07:06:05,253 [training] [INFO] training steps: 21800, Loss: 0.3881
2025-12-31 07:06:09,964 [training] [INFO] training steps: 21900, Loss: 0.5090
2025-12-31 07:06:11,408 [training] [INFO] epoch 43 train loss:0.475205603650972
2025-12-31 07:06:12,732 [training] [INFO] epoch 43 test loss:0.4809
2025-12-31 07:06:12,732 [training] [INFO] start training epochs 44
2025-12-31 07:06:16,566 [training] [INFO] training steps: 22000, Loss: 0.9160
2025-12-31 07:06:21,254 [training] [INFO] training steps: 22100, Loss: 0.3676
2025-12-31 07:06:25,943 [training] [INFO] training steps: 22200, Loss: 0.4339
2025-12-31 07:06:30,635 [training] [INFO] training steps: 22300, Loss: 0.4021
2025-12-31 07:06:35,320 [training] [INFO] training steps: 22400, Loss: 0.4126
2025-12-31 07:06:37,229 [training] [INFO] epoch 44 train loss:0.4760160766980227
2025-12-31 07:06:38,547 [training] [INFO] epoch 44 test loss:0.4646
2025-12-31 07:06:38,547 [training] [INFO] start training epochs 45
2025-12-31 07:06:41,913 [training] [INFO] training steps: 22500, Loss: 0.5080
2025-12-31 07:06:46,604 [training] [INFO] training steps: 22600, Loss: 0.8032
2025-12-31 07:06:51,296 [training] [INFO] training steps: 22700, Loss: 0.9580
2025-12-31 07:06:55,986 [training] [INFO] training steps: 22800, Loss: 0.3976
2025-12-31 07:07:00,677 [training] [INFO] training steps: 22900, Loss: 0.2958
2025-12-31 07:07:03,053 [training] [INFO] epoch 45 train loss:0.4842711234209584
2025-12-31 07:07:04,359 [training] [INFO] epoch 45 test loss:0.4577
2025-12-31 07:07:04,360 [training] [INFO] start training epochs 46
2025-12-31 07:07:07,268 [training] [INFO] training steps: 23000, Loss: 0.3452
2025-12-31 07:07:11,954 [training] [INFO] training steps: 23100, Loss: 0.4534
2025-12-31 07:07:16,640 [training] [INFO] training steps: 23200, Loss: 0.3023
2025-12-31 07:07:21,325 [training] [INFO] training steps: 23300, Loss: 0.3481
2025-12-31 07:07:26,010 [training] [INFO] training steps: 23400, Loss: 0.3866
2025-12-31 07:07:28,853 [training] [INFO] epoch 46 train loss:0.450125608198783
2025-12-31 07:07:30,168 [training] [INFO] epoch 46 test loss:0.5128
2025-12-31 07:07:30,168 [training] [INFO] start training epochs 47
2025-12-31 07:07:32,592 [training] [INFO] training steps: 23500, Loss: 0.3467
2025-12-31 07:07:37,277 [training] [INFO] training steps: 23600, Loss: 0.4497
2025-12-31 07:07:41,961 [training] [INFO] training steps: 23700, Loss: 0.4740
2025-12-31 07:07:46,650 [training] [INFO] training steps: 23800, Loss: 0.5476
2025-12-31 07:07:51,330 [training] [INFO] training steps: 23900, Loss: 0.4406
2025-12-31 07:07:54,643 [training] [INFO] epoch 47 train loss:0.4442775754951963
2025-12-31 07:07:55,970 [training] [INFO] epoch 47 test loss:0.4261
2025-12-31 07:07:55,970 [training] [INFO] start training epochs 48
2025-12-31 07:07:57,934 [training] [INFO] training steps: 24000, Loss: 0.3573
2025-12-31 07:08:02,630 [training] [INFO] training steps: 24100, Loss: 0.3395
2025-12-31 07:08:07,320 [training] [INFO] training steps: 24200, Loss: 0.3225
2025-12-31 07:08:12,004 [training] [INFO] training steps: 24300, Loss: 0.6091
2025-12-31 07:08:16,691 [training] [INFO] training steps: 24400, Loss: 0.3912
2025-12-31 07:08:20,469 [training] [INFO] epoch 48 train loss:0.4644788507737365
2025-12-31 07:08:21,779 [training] [INFO] epoch 48 test loss:0.3743
2025-12-31 07:08:21,780 [training] [INFO] start training epochs 49
2025-12-31 07:08:23,259 [training] [INFO] training steps: 24500, Loss: 0.4000
2025-12-31 07:08:27,938 [training] [INFO] training steps: 24600, Loss: 0.5089
2025-12-31 07:08:32,610 [training] [INFO] training steps: 24700, Loss: 0.4142
2025-12-31 07:08:37,289 [training] [INFO] training steps: 24800, Loss: 0.5027
2025-12-31 07:08:41,969 [training] [INFO] training steps: 24900, Loss: 0.4737
2025-12-31 07:08:46,220 [training] [INFO] epoch 49 train loss:0.4648660711213654
2025-12-31 07:08:47,561 [training] [INFO] epoch 49 test loss:0.3892
2025-12-31 07:08:47,562 [training] [INFO] start training epochs 50
2025-12-31 07:08:48,560 [training] [INFO] training steps: 25000, Loss: 0.3325
2025-12-31 07:08:53,261 [training] [INFO] training steps: 25100, Loss: 0.3706
2025-12-31 07:08:57,959 [training] [INFO] training steps: 25200, Loss: 0.5039
2025-12-31 07:09:02,659 [training] [INFO] training steps: 25300, Loss: 0.4235
2025-12-31 07:09:07,363 [training] [INFO] training steps: 25400, Loss: 0.3677
2025-12-31 07:09:12,073 [training] [INFO] training steps: 25500, Loss: 0.4639
2025-12-31 07:09:12,100 [training] [INFO] epoch 50 train loss:0.4482414470583785
2025-12-31 07:09:13,427 [training] [INFO] epoch 50 test loss:0.6648
2025-12-31 07:09:13,428 [training] [INFO] start training epochs 51
2025-12-31 07:09:18,678 [training] [INFO] training steps: 25600, Loss: 0.5328
2025-12-31 07:09:23,393 [training] [INFO] training steps: 25700, Loss: 0.4764
2025-12-31 07:09:28,104 [training] [INFO] training steps: 25800, Loss: 0.3734
2025-12-31 07:09:32,819 [training] [INFO] training steps: 25900, Loss: 1.1626
2025-12-31 07:09:37,537 [training] [INFO] training steps: 26000, Loss: 0.5251
2025-12-31 07:09:38,042 [training] [INFO] epoch 51 train loss:0.45400015916310105
2025-12-31 07:09:39,389 [training] [INFO] epoch 51 test loss:0.4690
2025-12-31 07:09:39,390 [training] [INFO] start training epochs 52
2025-12-31 07:09:44,177 [training] [INFO] training steps: 26100, Loss: 0.4797
2025-12-31 07:09:48,881 [training] [INFO] training steps: 26200, Loss: 0.3974
2025-12-31 07:09:53,583 [training] [INFO] training steps: 26300, Loss: 0.3673
2025-12-31 07:09:58,290 [training] [INFO] training steps: 26400, Loss: 0.5676
2025-12-31 07:10:03,000 [training] [INFO] training steps: 26500, Loss: 0.3653
2025-12-31 07:10:03,980 [training] [INFO] epoch 52 train loss:0.42915890605426305
2025-12-31 07:10:05,306 [training] [INFO] epoch 52 test loss:0.4915
2025-12-31 07:10:05,307 [training] [INFO] start training epochs 53
2025-12-31 07:10:09,637 [training] [INFO] training steps: 26600, Loss: 0.6832
2025-12-31 07:10:14,340 [training] [INFO] training steps: 26700, Loss: 0.4761
2025-12-31 07:10:19,045 [training] [INFO] training steps: 26800, Loss: 0.4453
2025-12-31 07:10:23,747 [training] [INFO] training steps: 26900, Loss: 0.5009
2025-12-31 07:10:28,442 [training] [INFO] training steps: 27000, Loss: 0.3709
2025-12-31 07:10:29,889 [training] [INFO] epoch 53 train loss:0.4384547057689405
2025-12-31 07:10:31,214 [training] [INFO] epoch 53 test loss:0.4305
2025-12-31 07:10:31,215 [training] [INFO] start training epochs 54
2025-12-31 07:10:35,042 [training] [INFO] training steps: 27100, Loss: 0.4254
2025-12-31 07:10:39,723 [training] [INFO] training steps: 27200, Loss: 0.9231
2025-12-31 07:10:44,407 [training] [INFO] training steps: 27300, Loss: 0.3371
2025-12-31 07:10:49,089 [training] [INFO] training steps: 27400, Loss: 0.3492
2025-12-31 07:10:53,769 [training] [INFO] training steps: 27500, Loss: 0.3878
2025-12-31 07:10:55,676 [training] [INFO] epoch 54 train loss:0.43414441759095473
2025-12-31 07:10:56,973 [training] [INFO] epoch 54 test loss:0.5816
2025-12-31 07:10:56,973 [training] [INFO] start training epochs 55
2025-12-31 07:11:00,318 [training] [INFO] training steps: 27600, Loss: 0.3020
2025-12-31 07:11:05,018 [training] [INFO] training steps: 27700, Loss: 0.3956
2025-12-31 07:11:09,721 [training] [INFO] training steps: 27800, Loss: 0.5067
2025-12-31 07:11:14,405 [training] [INFO] training steps: 27900, Loss: 0.2953
2025-12-31 07:11:19,087 [training] [INFO] training steps: 28000, Loss: 0.5092
2025-12-31 07:11:21,460 [training] [INFO] epoch 55 train loss:0.4170378181864234
2025-12-31 07:11:22,788 [training] [INFO] epoch 55 test loss:0.4896
2025-12-31 07:11:22,788 [training] [INFO] start training epochs 56
2025-12-31 07:11:25,704 [training] [INFO] training steps: 28100, Loss: 0.3848
2025-12-31 07:11:30,430 [training] [INFO] training steps: 28200, Loss: 0.4070
2025-12-31 07:11:35,157 [training] [INFO] training steps: 28300, Loss: 0.3140
2025-12-31 07:11:39,886 [training] [INFO] training steps: 28400, Loss: 0.4440
2025-12-31 07:11:44,608 [training] [INFO] training steps: 28500, Loss: 0.3087
2025-12-31 07:11:47,475 [training] [INFO] epoch 56 train loss:0.4263673549189287
2025-12-31 07:11:48,805 [training] [INFO] epoch 56 test loss:0.3832
2025-12-31 07:11:48,806 [training] [INFO] start training epochs 57
2025-12-31 07:11:51,262 [training] [INFO] training steps: 28600, Loss: 0.3463
2025-12-31 07:11:55,968 [training] [INFO] training steps: 28700, Loss: 0.5113
2025-12-31 07:12:00,676 [training] [INFO] training steps: 28800, Loss: 0.3963
2025-12-31 07:12:05,379 [training] [INFO] training steps: 28900, Loss: 0.4813
2025-12-31 07:12:10,088 [training] [INFO] training steps: 29000, Loss: 0.4115
2025-12-31 07:12:13,418 [training] [INFO] epoch 57 train loss:0.42300496171502505
2025-12-31 07:12:14,727 [training] [INFO] epoch 57 test loss:0.4095
2025-12-31 07:12:14,728 [training] [INFO] start training epochs 58
2025-12-31 07:12:16,670 [training] [INFO] training steps: 29100, Loss: 0.3766
2025-12-31 07:12:21,372 [training] [INFO] training steps: 29200, Loss: 0.4320
2025-12-31 07:12:26,075 [training] [INFO] training steps: 29300, Loss: 0.3996
2025-12-31 07:12:30,780 [training] [INFO] training steps: 29400, Loss: 0.4035
2025-12-31 07:12:35,487 [training] [INFO] training steps: 29500, Loss: 0.3639
2025-12-31 07:12:39,286 [training] [INFO] epoch 58 train loss:0.4143225159423024
2025-12-31 07:12:40,607 [training] [INFO] epoch 58 test loss:0.4011
2025-12-31 07:12:40,607 [training] [INFO] start training epochs 59
2025-12-31 07:12:42,114 [training] [INFO] training steps: 29600, Loss: 0.6188
2025-12-31 07:12:46,818 [training] [INFO] training steps: 29700, Loss: 0.3914
2025-12-31 07:12:51,522 [training] [INFO] training steps: 29800, Loss: 0.3391
2025-12-31 07:12:56,230 [training] [INFO] training steps: 29900, Loss: 0.4438
2025-12-31 07:13:00,935 [training] [INFO] training steps: 30000, Loss: 0.3446
2025-12-31 07:13:05,216 [training] [INFO] epoch 59 train loss:0.4261981539282144
2025-12-31 07:13:06,535 [training] [INFO] epoch 59 test loss:0.4229
2025-12-31 07:13:06,535 [training] [INFO] start training epochs 60
2025-12-31 07:13:07,596 [training] [INFO] training steps: 30100, Loss: 0.8575
2025-12-31 07:13:12,301 [training] [INFO] training steps: 30200, Loss: 0.2823
2025-12-31 07:13:17,009 [training] [INFO] training steps: 30300, Loss: 0.4058
2025-12-31 07:13:21,711 [training] [INFO] training steps: 30400, Loss: 0.3218
2025-12-31 07:13:26,417 [training] [INFO] training steps: 30500, Loss: 0.4166
2025-12-31 07:13:31,130 [training] [INFO] training steps: 30600, Loss: 0.3586
2025-12-31 07:13:31,157 [training] [INFO] epoch 60 train loss:0.4081258153798533
2025-12-31 07:13:32,486 [training] [INFO] epoch 60 test loss:0.4832
2025-12-31 07:13:32,486 [training] [INFO] start training epochs 61
2025-12-31 07:13:37,737 [training] [INFO] training steps: 30700, Loss: 0.2752
2025-12-31 07:13:42,449 [training] [INFO] training steps: 30800, Loss: 0.4551
2025-12-31 07:13:47,163 [training] [INFO] training steps: 30900, Loss: 0.2728
2025-12-31 07:13:51,876 [training] [INFO] training steps: 31000, Loss: 0.4213
2025-12-31 07:13:56,569 [training] [INFO] training steps: 31100, Loss: 0.4052
2025-12-31 07:13:57,073 [training] [INFO] epoch 61 train loss:0.40551292376191006
2025-12-31 07:13:58,381 [training] [INFO] epoch 61 test loss:0.3519
2025-12-31 07:13:58,382 [training] [INFO] start training epochs 62
2025-12-31 07:14:03,197 [training] [INFO] training steps: 31200, Loss: 0.2722
2025-12-31 07:14:07,910 [training] [INFO] training steps: 31300, Loss: 0.4681
2025-12-31 07:14:12,628 [training] [INFO] training steps: 31400, Loss: 0.4160
2025-12-31 07:14:17,333 [training] [INFO] training steps: 31500, Loss: 0.3589
2025-12-31 07:14:22,019 [training] [INFO] training steps: 31600, Loss: 0.4054
2025-12-31 07:14:22,988 [training] [INFO] epoch 62 train loss:0.4169962250718883
2025-12-31 07:14:24,304 [training] [INFO] epoch 62 test loss:0.5014
2025-12-31 07:14:24,304 [training] [INFO] start training epochs 63
2025-12-31 07:14:28,617 [training] [INFO] training steps: 31700, Loss: 0.4781
2025-12-31 07:14:33,306 [training] [INFO] training steps: 31800, Loss: 0.8977
2025-12-31 07:14:37,988 [training] [INFO] training steps: 31900, Loss: 0.4322
2025-12-31 07:14:42,673 [training] [INFO] training steps: 32000, Loss: 0.5228
2025-12-31 07:14:47,359 [training] [INFO] training steps: 32100, Loss: 0.3612
2025-12-31 07:14:48,800 [training] [INFO] epoch 63 train loss:0.4093529101972486
2025-12-31 07:14:50,098 [training] [INFO] epoch 63 test loss:0.6447
2025-12-31 07:14:50,099 [training] [INFO] start training epochs 64
2025-12-31 07:14:53,950 [training] [INFO] training steps: 32200, Loss: 0.3908
2025-12-31 07:14:58,643 [training] [INFO] training steps: 32300, Loss: 0.3065
2025-12-31 07:15:03,347 [training] [INFO] training steps: 32400, Loss: 0.3647
2025-12-31 07:15:08,055 [training] [INFO] training steps: 32500, Loss: 0.3527
2025-12-31 07:15:12,759 [training] [INFO] training steps: 32600, Loss: 0.2930
2025-12-31 07:15:14,668 [training] [INFO] epoch 64 train loss:0.40246071946971557
2025-12-31 07:15:15,982 [training] [INFO] epoch 64 test loss:0.3371
2025-12-31 07:15:15,983 [training] [INFO] start training epochs 65
2025-12-31 07:15:19,383 [training] [INFO] training steps: 32700, Loss: 0.3437
2025-12-31 07:15:24,095 [training] [INFO] training steps: 32800, Loss: 0.2806
2025-12-31 07:15:28,809 [training] [INFO] training steps: 32900, Loss: 0.3601
2025-12-31 07:15:33,524 [training] [INFO] training steps: 33000, Loss: 0.4091
2025-12-31 07:15:38,236 [training] [INFO] training steps: 33100, Loss: 0.4340
2025-12-31 07:15:40,623 [training] [INFO] epoch 65 train loss:0.395628242632922
2025-12-31 07:15:41,935 [training] [INFO] epoch 65 test loss:0.4423
2025-12-31 07:15:41,935 [training] [INFO] start training epochs 66
2025-12-31 07:15:44,849 [training] [INFO] training steps: 33200, Loss: 0.3730
2025-12-31 07:15:49,565 [training] [INFO] training steps: 33300, Loss: 0.3455
2025-12-31 07:15:54,276 [training] [INFO] training steps: 33400, Loss: 0.5023
2025-12-31 07:15:58,991 [training] [INFO] training steps: 33500, Loss: 0.4885
2025-12-31 07:16:03,706 [training] [INFO] training steps: 33600, Loss: 0.4106
2025-12-31 07:16:06,572 [training] [INFO] epoch 66 train loss:0.4016734579614564
2025-12-31 07:16:07,876 [training] [INFO] epoch 66 test loss:0.5601
2025-12-31 07:16:07,876 [training] [INFO] start training epochs 67
2025-12-31 07:16:10,304 [training] [INFO] training steps: 33700, Loss: 0.3616
2025-12-31 07:16:14,978 [training] [INFO] training steps: 33800, Loss: 0.4337
2025-12-31 07:16:19,656 [training] [INFO] training steps: 33900, Loss: 0.4232
2025-12-31 07:16:24,338 [training] [INFO] training steps: 34000, Loss: 0.3717
2025-12-31 07:16:29,024 [training] [INFO] training steps: 34100, Loss: 0.3507
2025-12-31 07:16:32,333 [training] [INFO] epoch 67 train loss:0.3952120539604449
2025-12-31 07:16:33,631 [training] [INFO] epoch 67 test loss:0.3725
2025-12-31 07:16:33,632 [training] [INFO] start training epochs 68
2025-12-31 07:16:35,600 [training] [INFO] training steps: 34200, Loss: 0.4136
2025-12-31 07:16:40,270 [training] [INFO] training steps: 34300, Loss: 0.3968
2025-12-31 07:16:44,940 [training] [INFO] training steps: 34400, Loss: 0.4007
2025-12-31 07:16:49,616 [training] [INFO] training steps: 34500, Loss: 0.4976
2025-12-31 07:16:54,287 [training] [INFO] training steps: 34600, Loss: 0.5454
2025-12-31 07:16:58,063 [training] [INFO] epoch 68 train loss:0.39026777741371416
2025-12-31 07:16:59,383 [training] [INFO] epoch 68 test loss:0.3458
2025-12-31 07:16:59,384 [training] [INFO] start training epochs 69
2025-12-31 07:17:00,866 [training] [INFO] training steps: 34700, Loss: 0.3846
2025-12-31 07:17:05,560 [training] [INFO] training steps: 34800, Loss: 0.3680
2025-12-31 07:17:10,255 [training] [INFO] training steps: 34900, Loss: 0.4325
2025-12-31 07:17:14,948 [training] [INFO] training steps: 35000, Loss: 0.4060
2025-12-31 07:17:19,646 [training] [INFO] training steps: 35100, Loss: 0.3448
2025-12-31 07:17:23,914 [training] [INFO] epoch 69 train loss:0.3891989868937754
2025-12-31 07:17:25,220 [training] [INFO] epoch 69 test loss:0.3484
2025-12-31 07:17:25,220 [training] [INFO] start training epochs 70
2025-12-31 07:17:26,258 [training] [INFO] training steps: 35200, Loss: 0.3737
2025-12-31 07:17:30,931 [training] [INFO] training steps: 35300, Loss: 0.4985
2025-12-31 07:17:35,606 [training] [INFO] training steps: 35400, Loss: 0.4310
2025-12-31 07:17:40,287 [training] [INFO] training steps: 35500, Loss: 0.4158
2025-12-31 07:17:44,969 [training] [INFO] training steps: 35600, Loss: 0.3311
2025-12-31 07:17:49,715 [training] [INFO] training steps: 35700, Loss: 0.3859
2025-12-31 07:17:49,745 [training] [INFO] epoch 70 train loss:0.3860350470624718
2025-12-31 07:17:51,052 [training] [INFO] epoch 70 test loss:0.4241
2025-12-31 07:17:51,053 [training] [INFO] start training epochs 71
2025-12-31 07:17:56,333 [training] [INFO] training steps: 35800, Loss: 0.3366
2025-12-31 07:18:01,045 [training] [INFO] training steps: 35900, Loss: 0.5089
2025-12-31 07:18:05,765 [training] [INFO] training steps: 36000, Loss: 0.3228
2025-12-31 07:18:10,540 [training] [INFO] training steps: 36100, Loss: 0.2776
2025-12-31 07:18:15,232 [training] [INFO] training steps: 36200, Loss: 0.4448
2025-12-31 07:18:15,743 [training] [INFO] epoch 71 train loss:0.38289674041317956
2025-12-31 07:18:17,064 [training] [INFO] epoch 71 test loss:0.3337
2025-12-31 07:18:17,065 [training] [INFO] start training epochs 72
2025-12-31 07:18:21,856 [training] [INFO] training steps: 36300, Loss: 0.3105
2025-12-31 07:18:26,550 [training] [INFO] training steps: 36400, Loss: 0.4822
2025-12-31 07:18:31,235 [training] [INFO] training steps: 36500, Loss: 0.3628
2025-12-31 07:18:35,989 [training] [INFO] training steps: 36600, Loss: 0.3640
2025-12-31 07:18:40,677 [training] [INFO] training steps: 36700, Loss: 0.2781
2025-12-31 07:18:41,658 [training] [INFO] epoch 72 train loss:0.39576022505175834
2025-12-31 07:18:42,975 [training] [INFO] epoch 72 test loss:0.3666
2025-12-31 07:18:42,976 [training] [INFO] start training epochs 73
2025-12-31 07:18:47,306 [training] [INFO] training steps: 36800, Loss: 0.2778
2025-12-31 07:18:52,011 [training] [INFO] training steps: 36900, Loss: 0.2798
2025-12-31 07:18:56,782 [training] [INFO] training steps: 37000, Loss: 0.2955
2025-12-31 07:19:01,485 [training] [INFO] training steps: 37100, Loss: 0.3556
2025-12-31 07:19:06,190 [training] [INFO] training steps: 37200, Loss: 0.3933
2025-12-31 07:19:07,641 [training] [INFO] epoch 73 train loss:0.38934857453785693
2025-12-31 07:19:08,964 [training] [INFO] epoch 73 test loss:0.3912
2025-12-31 07:19:08,964 [training] [INFO] start training epochs 74
2025-12-31 07:19:12,790 [training] [INFO] training steps: 37300, Loss: 0.4435
2025-12-31 07:19:17,475 [training] [INFO] training steps: 37400, Loss: 0.2836
2025-12-31 07:19:22,221 [training] [INFO] training steps: 37500, Loss: 0.3626
2025-12-31 07:19:26,898 [training] [INFO] training steps: 37600, Loss: 0.2653
2025-12-31 07:19:31,577 [training] [INFO] training steps: 37700, Loss: 0.3386
2025-12-31 07:19:33,490 [training] [INFO] epoch 74 train loss:0.38003774960251413
2025-12-31 07:19:34,808 [training] [INFO] epoch 74 test loss:0.3667
2025-12-31 07:19:34,809 [training] [INFO] start training epochs 75
2025-12-31 07:19:38,161 [training] [INFO] training steps: 37800, Loss: 0.3273
2025-12-31 07:19:42,917 [training] [INFO] training steps: 37900, Loss: 0.3635
2025-12-31 07:19:47,605 [training] [INFO] training steps: 38000, Loss: 0.3003
2025-12-31 07:19:52,296 [training] [INFO] training steps: 38100, Loss: 0.2981
2025-12-31 07:19:56,990 [training] [INFO] training steps: 38200, Loss: 0.3690
2025-12-31 07:19:59,380 [training] [INFO] epoch 75 train loss:0.37014644788760764
2025-12-31 07:20:00,697 [training] [INFO] epoch 75 test loss:0.4847
2025-12-31 07:20:00,698 [training] [INFO] start training epochs 76
2025-12-31 07:20:03,620 [training] [INFO] training steps: 38300, Loss: 0.3188
2025-12-31 07:20:08,370 [training] [INFO] training steps: 38400, Loss: 0.2770
2025-12-31 07:20:13,045 [training] [INFO] training steps: 38500, Loss: 0.3094
2025-12-31 07:20:17,714 [training] [INFO] training steps: 38600, Loss: 0.3247
2025-12-31 07:20:22,387 [training] [INFO] training steps: 38700, Loss: 0.4075
2025-12-31 07:20:25,337 [training] [INFO] epoch 76 train loss:0.38239184206022936
2025-12-31 07:20:26,631 [training] [INFO] epoch 76 test loss:0.3313
2025-12-31 07:20:26,632 [training] [INFO] start training epochs 77
2025-12-31 07:20:29,087 [training] [INFO] training steps: 38800, Loss: 0.2605
2025-12-31 07:20:33,771 [training] [INFO] training steps: 38900, Loss: 0.2577
2025-12-31 07:20:38,455 [training] [INFO] training steps: 39000, Loss: 0.3322
2025-12-31 07:20:43,145 [training] [INFO] training steps: 39100, Loss: 0.3927
2025-12-31 07:20:47,839 [training] [INFO] training steps: 39200, Loss: 0.3071
2025-12-31 07:20:51,161 [training] [INFO] epoch 77 train loss:0.3839325696229935
2025-12-31 07:20:52,484 [training] [INFO] epoch 77 test loss:0.3635
2025-12-31 07:20:52,484 [training] [INFO] start training epochs 78
2025-12-31 07:20:54,460 [training] [INFO] training steps: 39300, Loss: 0.5027
2025-12-31 07:20:59,144 [training] [INFO] training steps: 39400, Loss: 0.4158
2025-12-31 07:21:03,818 [training] [INFO] training steps: 39500, Loss: 0.2308
2025-12-31 07:21:08,496 [training] [INFO] training steps: 39600, Loss: 0.3108
2025-12-31 07:21:13,175 [training] [INFO] training steps: 39700, Loss: 0.4626
2025-12-31 07:21:16,956 [training] [INFO] epoch 78 train loss:0.36973333367530037
2025-12-31 07:21:18,244 [training] [INFO] epoch 78 test loss:0.3275
2025-12-31 07:21:18,244 [training] [INFO] start training epochs 79
2025-12-31 07:21:19,753 [training] [INFO] training steps: 39800, Loss: 0.3097
2025-12-31 07:21:24,445 [training] [INFO] training steps: 39900, Loss: 0.3833
2025-12-31 07:21:29,140 [training] [INFO] training steps: 40000, Loss: 0.3973
2025-12-31 07:21:33,835 [training] [INFO] training steps: 40100, Loss: 0.3555
2025-12-31 07:21:38,539 [training] [INFO] training steps: 40200, Loss: 0.5176
2025-12-31 07:21:42,799 [training] [INFO] epoch 79 train loss:0.36762437957759
2025-12-31 07:21:44,107 [training] [INFO] epoch 79 test loss:0.3827
2025-12-31 07:21:44,108 [training] [INFO] start training epochs 80
2025-12-31 07:21:45,133 [training] [INFO] training steps: 40300, Loss: 0.4380
2025-12-31 07:21:49,830 [training] [INFO] training steps: 40400, Loss: 0.4515
2025-12-31 07:21:54,525 [training] [INFO] training steps: 40500, Loss: 0.3370
2025-12-31 07:21:59,225 [training] [INFO] training steps: 40600, Loss: 0.3590
2025-12-31 07:22:03,919 [training] [INFO] training steps: 40700, Loss: 0.3904
2025-12-31 07:22:08,624 [training] [INFO] training steps: 40800, Loss: 0.4899
2025-12-31 07:22:08,651 [training] [INFO] epoch 80 train loss:0.3785528160485567
2025-12-31 07:22:09,961 [training] [INFO] epoch 80 test loss:0.3804
2025-12-31 07:22:09,962 [training] [INFO] start training epochs 81
2025-12-31 07:22:15,246 [training] [INFO] training steps: 40900, Loss: 0.4943
2025-12-31 07:22:19,961 [training] [INFO] training steps: 41000, Loss: 0.4599
2025-12-31 07:22:24,666 [training] [INFO] training steps: 41100, Loss: 0.4611
2025-12-31 07:22:29,343 [training] [INFO] training steps: 41200, Loss: 0.2862
2025-12-31 07:22:34,020 [training] [INFO] training steps: 41300, Loss: 0.3068
2025-12-31 07:22:34,526 [training] [INFO] epoch 81 train loss:0.3575484328702384
2025-12-31 07:22:35,830 [training] [INFO] epoch 81 test loss:0.3216
2025-12-31 07:22:35,830 [training] [INFO] start training epochs 82
2025-12-31 07:22:40,637 [training] [INFO] training steps: 41400, Loss: 0.3457
2025-12-31 07:22:45,329 [training] [INFO] training steps: 41500, Loss: 0.3257
2025-12-31 07:22:50,023 [training] [INFO] training steps: 41600, Loss: 0.3336
2025-12-31 07:22:54,724 [training] [INFO] training steps: 41700, Loss: 0.3621
2025-12-31 07:22:59,411 [training] [INFO] training steps: 41800, Loss: 0.4833
2025-12-31 07:23:00,380 [training] [INFO] epoch 82 train loss:0.37482985410035824
2025-12-31 07:23:01,689 [training] [INFO] epoch 82 test loss:0.3403
2025-12-31 07:23:01,689 [training] [INFO] start training epochs 83
2025-12-31 07:23:06,023 [training] [INFO] training steps: 41900, Loss: 0.2350
2025-12-31 07:23:10,714 [training] [INFO] training steps: 42000, Loss: 0.2585
2025-12-31 07:23:15,410 [training] [INFO] training steps: 42100, Loss: 0.3796
2025-12-31 07:23:20,099 [training] [INFO] training steps: 42200, Loss: 0.2742
2025-12-31 07:23:24,773 [training] [INFO] training steps: 42300, Loss: 0.4005
2025-12-31 07:23:26,209 [training] [INFO] epoch 83 train loss:0.36774151734277316
2025-12-31 07:23:27,527 [training] [INFO] epoch 83 test loss:0.3207
2025-12-31 07:23:27,527 [training] [INFO] start training epochs 84
2025-12-31 07:23:31,389 [training] [INFO] training steps: 42400, Loss: 0.3391
2025-12-31 07:23:36,099 [training] [INFO] training steps: 42500, Loss: 0.4169
2025-12-31 07:23:40,802 [training] [INFO] training steps: 42600, Loss: 0.3566
2025-12-31 07:23:45,508 [training] [INFO] training steps: 42700, Loss: 0.3084
2025-12-31 07:23:50,216 [training] [INFO] training steps: 42800, Loss: 0.3459
2025-12-31 07:23:52,134 [training] [INFO] epoch 84 train loss:0.3569198599048689
2025-12-31 07:23:53,462 [training] [INFO] epoch 84 test loss:0.3505
2025-12-31 07:23:53,462 [training] [INFO] start training epochs 85
2025-12-31 07:23:56,824 [training] [INFO] training steps: 42900, Loss: 0.3677
2025-12-31 07:24:01,492 [training] [INFO] training steps: 43000, Loss: 0.3862
2025-12-31 07:24:06,166 [training] [INFO] training steps: 43100, Loss: 0.4841
2025-12-31 07:24:10,840 [training] [INFO] training steps: 43200, Loss: 0.2741
2025-12-31 07:24:15,519 [training] [INFO] training steps: 43300, Loss: 0.3149
2025-12-31 07:24:17,895 [training] [INFO] epoch 85 train loss:0.35295690020509796
2025-12-31 07:24:19,191 [training] [INFO] epoch 85 test loss:0.3498
2025-12-31 07:24:19,192 [training] [INFO] start training epochs 86
2025-12-31 07:24:22,131 [training] [INFO] training steps: 43400, Loss: 0.3629
2025-12-31 07:24:26,838 [training] [INFO] training steps: 43500, Loss: 0.2819
2025-12-31 07:24:31,552 [training] [INFO] training steps: 43600, Loss: 0.3689
2025-12-31 07:24:36,260 [training] [INFO] training steps: 43700, Loss: 0.3323
2025-12-31 07:24:40,967 [training] [INFO] training steps: 43800, Loss: 0.3995
2025-12-31 07:24:43,828 [training] [INFO] epoch 86 train loss:0.36278324477812823
2025-12-31 07:24:45,138 [training] [INFO] epoch 86 test loss:0.4083
2025-12-31 07:24:45,138 [training] [INFO] start training epochs 87
2025-12-31 07:24:47,564 [training] [INFO] training steps: 43900, Loss: 0.4277
2025-12-31 07:24:52,239 [training] [INFO] training steps: 44000, Loss: 0.5268
2025-12-31 07:24:56,920 [training] [INFO] training steps: 44100, Loss: 0.3838
2025-12-31 07:25:01,612 [training] [INFO] training steps: 44200, Loss: 0.4426
2025-12-31 07:25:06,315 [training] [INFO] training steps: 44300, Loss: 0.4609
2025-12-31 07:25:09,659 [training] [INFO] epoch 87 train loss:0.36217830245401345
2025-12-31 07:25:11,007 [training] [INFO] epoch 87 test loss:0.3344
2025-12-31 07:25:11,007 [training] [INFO] start training epochs 88
2025-12-31 07:25:12,988 [training] [INFO] training steps: 44400, Loss: 0.4141
2025-12-31 07:25:17,775 [training] [INFO] training steps: 44500, Loss: 0.4416
2025-12-31 07:25:22,558 [training] [INFO] training steps: 44600, Loss: 0.3513
2025-12-31 07:25:27,345 [training] [INFO] training steps: 44700, Loss: 0.2980
2025-12-31 07:25:32,121 [training] [INFO] training steps: 44800, Loss: 0.3715
2025-12-31 07:25:35,971 [training] [INFO] epoch 88 train loss:0.3536088880078465
2025-12-31 07:25:37,304 [training] [INFO] epoch 88 test loss:0.3348
2025-12-31 07:25:37,304 [training] [INFO] start training epochs 89
2025-12-31 07:25:38,795 [training] [INFO] training steps: 44900, Loss: 0.3173
2025-12-31 07:25:43,567 [training] [INFO] training steps: 45000, Loss: 0.2829
2025-12-31 07:25:48,336 [training] [INFO] training steps: 45100, Loss: 0.3483
2025-12-31 07:25:53,105 [training] [INFO] training steps: 45200, Loss: 0.3432
2025-12-31 07:25:57,874 [training] [INFO] training steps: 45300, Loss: 0.4822
2025-12-31 07:26:02,199 [training] [INFO] epoch 89 train loss:0.3549212870644588
2025-12-31 07:26:03,501 [training] [INFO] epoch 89 test loss:0.3519
2025-12-31 07:26:03,502 [training] [INFO] start training epochs 90
2025-12-31 07:26:04,520 [training] [INFO] training steps: 45400, Loss: 0.3025
2025-12-31 07:26:09,281 [training] [INFO] training steps: 45500, Loss: 0.3776
2025-12-31 07:26:14,041 [training] [INFO] training steps: 45600, Loss: 0.3876
2025-12-31 07:26:18,798 [training] [INFO] training steps: 45700, Loss: 0.3037
2025-12-31 07:26:23,560 [training] [INFO] training steps: 45800, Loss: 0.2927
2025-12-31 07:26:28,323 [training] [INFO] training steps: 45900, Loss: 0.3848
2025-12-31 07:26:28,350 [training] [INFO] epoch 90 train loss:0.35196029710419036
2025-12-31 07:26:29,676 [training] [INFO] epoch 90 test loss:0.3576
2025-12-31 07:26:29,676 [training] [INFO] start training epochs 91
2025-12-31 07:26:35,017 [training] [INFO] training steps: 46000, Loss: 0.3893
2025-12-31 07:26:39,772 [training] [INFO] training steps: 46100, Loss: 0.4800
2025-12-31 07:26:44,527 [training] [INFO] training steps: 46200, Loss: 0.3709
2025-12-31 07:26:49,278 [training] [INFO] training steps: 46300, Loss: 0.4107
2025-12-31 07:26:54,031 [training] [INFO] training steps: 46400, Loss: 0.2738
2025-12-31 07:26:54,536 [training] [INFO] epoch 91 train loss:0.35171911070744194
2025-12-31 07:26:55,863 [training] [INFO] epoch 91 test loss:0.3186
2025-12-31 07:26:55,863 [training] [INFO] start training epochs 92
2025-12-31 07:27:00,701 [training] [INFO] training steps: 46500, Loss: 0.3481
2025-12-31 07:27:05,441 [training] [INFO] training steps: 46600, Loss: 0.3828
2025-12-31 07:27:10,180 [training] [INFO] training steps: 46700, Loss: 0.2421
2025-12-31 07:27:14,918 [training] [INFO] training steps: 46800, Loss: 0.4320
2025-12-31 07:27:19,652 [training] [INFO] training steps: 46900, Loss: 0.4133
2025-12-31 07:27:20,632 [training] [INFO] epoch 92 train loss:0.3528102832389813
2025-12-31 07:27:21,962 [training] [INFO] epoch 92 test loss:0.3192
2025-12-31 07:27:21,963 [training] [INFO] start training epochs 93
2025-12-31 07:27:26,328 [training] [INFO] training steps: 47000, Loss: 0.2243
2025-12-31 07:27:31,101 [training] [INFO] training steps: 47100, Loss: 0.3844
2025-12-31 07:27:35,873 [training] [INFO] training steps: 47200, Loss: 0.2653
2025-12-31 07:27:40,649 [training] [INFO] training steps: 47300, Loss: 0.2665
2025-12-31 07:27:45,424 [training] [INFO] training steps: 47400, Loss: 0.3188
2025-12-31 07:27:46,889 [training] [INFO] epoch 93 train loss:0.3409486296714521
2025-12-31 07:27:48,216 [training] [INFO] epoch 93 test loss:0.4099
2025-12-31 07:27:48,216 [training] [INFO] start training epochs 94
2025-12-31 07:27:52,113 [training] [INFO] training steps: 47500, Loss: 0.2358
2025-12-31 07:27:56,867 [training] [INFO] training steps: 47600, Loss: 0.2687
2025-12-31 07:28:01,620 [training] [INFO] training steps: 47700, Loss: 0.4258
2025-12-31 07:28:06,373 [training] [INFO] training steps: 47800, Loss: 0.2639
2025-12-31 07:28:11,127 [training] [INFO] training steps: 47900, Loss: 0.3583
2025-12-31 07:28:13,063 [training] [INFO] epoch 94 train loss:0.3527772571526322
2025-12-31 07:28:14,404 [training] [INFO] epoch 94 test loss:0.3801
2025-12-31 07:28:14,404 [training] [INFO] start training epochs 95
2025-12-31 07:28:17,814 [training] [INFO] training steps: 48000, Loss: 0.3181
2025-12-31 07:28:22,566 [training] [INFO] training steps: 48100, Loss: 0.3061
2025-12-31 07:28:27,315 [training] [INFO] training steps: 48200, Loss: 0.2681
2025-12-31 07:28:32,066 [training] [INFO] training steps: 48300, Loss: 0.3195
2025-12-31 07:28:36,820 [training] [INFO] training steps: 48400, Loss: 0.2663
2025-12-31 07:28:39,231 [training] [INFO] epoch 95 train loss:0.35029675989758735
2025-12-31 07:28:40,539 [training] [INFO] epoch 95 test loss:0.3337
2025-12-31 07:28:40,539 [training] [INFO] start training epochs 96
2025-12-31 07:28:43,514 [training] [INFO] training steps: 48500, Loss: 0.2993
2025-12-31 07:28:48,288 [training] [INFO] training steps: 48600, Loss: 0.3496
2025-12-31 07:28:53,061 [training] [INFO] training steps: 48700, Loss: 0.3915
2025-12-31 07:28:57,841 [training] [INFO] training steps: 48800, Loss: 0.2660
2025-12-31 07:29:02,612 [training] [INFO] training steps: 48900, Loss: 0.2776
2025-12-31 07:29:05,509 [training] [INFO] epoch 96 train loss:0.3446380601794112
2025-12-31 07:29:06,817 [training] [INFO] epoch 96 test loss:0.4228
2025-12-31 07:29:06,818 [training] [INFO] start training epochs 97
2025-12-31 07:29:09,271 [training] [INFO] training steps: 49000, Loss: 0.2823
2025-12-31 07:29:14,036 [training] [INFO] training steps: 49100, Loss: 0.3387
2025-12-31 07:29:18,801 [training] [INFO] training steps: 49200, Loss: 0.3676
2025-12-31 07:29:23,565 [training] [INFO] training steps: 49300, Loss: 0.2974
2025-12-31 07:29:28,331 [training] [INFO] training steps: 49400, Loss: 0.3225
2025-12-31 07:29:31,701 [training] [INFO] epoch 97 train loss:0.3410054116272459
2025-12-31 07:29:33,030 [training] [INFO] epoch 97 test loss:0.3107
2025-12-31 07:29:33,030 [training] [INFO] start training epochs 98
2025-12-31 07:29:35,013 [training] [INFO] training steps: 49500, Loss: 0.3666
2025-12-31 07:29:39,778 [training] [INFO] training steps: 49600, Loss: 0.4272
2025-12-31 07:29:44,545 [training] [INFO] training steps: 49700, Loss: 0.4512
2025-12-31 07:29:49,312 [training] [INFO] training steps: 49800, Loss: 0.4539
2025-12-31 07:29:54,076 [training] [INFO] training steps: 49900, Loss: 0.3579
2025-12-31 07:29:57,921 [training] [INFO] epoch 98 train loss:0.3432093268516017
2025-12-31 07:29:59,241 [training] [INFO] epoch 98 test loss:0.3233
2025-12-31 07:29:59,241 [training] [INFO] start training epochs 99
2025-12-31 07:30:00,723 [training] [INFO] training steps: 50000, Loss: 0.3121
2025-12-31 07:30:05,481 [training] [INFO] training steps: 50100, Loss: 0.3423
2025-12-31 07:30:10,233 [training] [INFO] training steps: 50200, Loss: 0.2726
2025-12-31 07:30:14,984 [training] [INFO] training steps: 50300, Loss: 0.3505
2025-12-31 07:30:19,732 [training] [INFO] training steps: 50400, Loss: 0.3169
2025-12-31 07:30:24,038 [training] [INFO] epoch 99 train loss:0.3389333523079461
2025-12-31 07:30:25,366 [training] [INFO] epoch 99 test loss:0.3724
2025-12-31 07:30:25,367 [training] [INFO] start training epochs 100
2025-12-31 07:30:26,406 [training] [INFO] training steps: 50500, Loss: 0.4030
2025-12-31 07:30:31,165 [training] [INFO] training steps: 50600, Loss: 0.3697
2025-12-31 07:30:35,922 [training] [INFO] training steps: 50700, Loss: 0.3359
2025-12-31 07:30:40,677 [training] [INFO] training steps: 50800, Loss: 0.3332
2025-12-31 07:30:45,437 [training] [INFO] training steps: 50900, Loss: 0.3932
2025-12-31 07:30:50,198 [training] [INFO] training steps: 51000, Loss: 0.2734
2025-12-31 07:30:50,225 [training] [INFO] epoch 100 train loss:0.34123596990225363
2025-12-31 07:30:51,554 [training] [INFO] epoch 100 test loss:0.3150
2025-12-31 07:30:51,554 [training] [INFO] start training epochs 101
2025-12-31 07:30:56,873 [training] [INFO] training steps: 51100, Loss: 0.2535
2025-12-31 07:31:01,630 [training] [INFO] training steps: 51200, Loss: 0.3310
2025-12-31 07:31:06,387 [training] [INFO] training steps: 51300, Loss: 0.3038
2025-12-31 07:31:11,145 [training] [INFO] training steps: 51400, Loss: 0.2882
2025-12-31 07:31:15,903 [training] [INFO] training steps: 51500, Loss: 0.3073
2025-12-31 07:31:16,414 [training] [INFO] epoch 101 train loss:0.33567851851968206
2025-12-31 07:31:17,742 [training] [INFO] epoch 101 test loss:0.3419
2025-12-31 07:31:17,743 [training] [INFO] start training epochs 102
2025-12-31 07:31:22,584 [training] [INFO] training steps: 51600, Loss: 0.2934
2025-12-31 07:31:27,330 [training] [INFO] training steps: 51700, Loss: 0.3931
2025-12-31 07:31:32,061 [training] [INFO] training steps: 51800, Loss: 0.3376
2025-12-31 07:31:36,791 [training] [INFO] training steps: 51900, Loss: 0.3451
2025-12-31 07:31:41,521 [training] [INFO] training steps: 52000, Loss: 0.5290
2025-12-31 07:31:42,502 [training] [INFO] epoch 102 train loss:0.34303863095302206
2025-12-31 07:31:43,813 [training] [INFO] epoch 102 test loss:0.3488
2025-12-31 07:31:43,814 [training] [INFO] start training epochs 103
2025-12-31 07:31:48,150 [training] [INFO] training steps: 52100, Loss: 0.3623
2025-12-31 07:31:52,880 [training] [INFO] training steps: 52200, Loss: 0.3014
2025-12-31 07:31:57,615 [training] [INFO] training steps: 52300, Loss: 0.2983
2025-12-31 07:32:02,364 [training] [INFO] training steps: 52400, Loss: 0.3993
2025-12-31 07:32:07,099 [training] [INFO] training steps: 52500, Loss: 0.3779
2025-12-31 07:32:08,548 [training] [INFO] epoch 103 train loss:0.3362236947989931
2025-12-31 07:32:09,880 [training] [INFO] epoch 103 test loss:0.3158
2025-12-31 07:32:09,881 [training] [INFO] start training epochs 104
2025-12-31 07:32:13,751 [training] [INFO] training steps: 52600, Loss: 0.4448
2025-12-31 07:32:18,482 [training] [INFO] training steps: 52700, Loss: 0.2473
2025-12-31 07:32:23,224 [training] [INFO] training steps: 52800, Loss: 0.2728
2025-12-31 07:32:27,963 [training] [INFO] training steps: 52900, Loss: 0.4979
2025-12-31 07:32:32,698 [training] [INFO] training steps: 53000, Loss: 0.3355
2025-12-31 07:32:34,624 [training] [INFO] epoch 104 train loss:0.339845831516911
2025-12-31 07:32:35,953 [training] [INFO] epoch 104 test loss:0.3001
2025-12-31 07:32:35,954 [training] [INFO] start training epochs 105
2025-12-31 07:32:39,358 [training] [INFO] training steps: 53100, Loss: 0.2520
2025-12-31 07:32:44,085 [training] [INFO] training steps: 53200, Loss: 0.2973
2025-12-31 07:32:48,806 [training] [INFO] training steps: 53300, Loss: 0.3185
2025-12-31 07:32:53,541 [training] [INFO] training steps: 53400, Loss: 0.2576
2025-12-31 07:32:58,278 [training] [INFO] training steps: 53500, Loss: 0.3996
2025-12-31 07:33:00,685 [training] [INFO] epoch 105 train loss:0.33144456291315605
2025-12-31 07:33:01,997 [training] [INFO] epoch 105 test loss:0.3213
2025-12-31 07:33:01,998 [training] [INFO] start training epochs 106
2025-12-31 07:33:04,920 [training] [INFO] training steps: 53600, Loss: 0.2950
2025-12-31 07:33:09,642 [training] [INFO] training steps: 53700, Loss: 0.3486
2025-12-31 07:33:14,369 [training] [INFO] training steps: 53800, Loss: 0.3221
2025-12-31 07:33:19,106 [training] [INFO] training steps: 53900, Loss: 0.2629
2025-12-31 07:33:23,833 [training] [INFO] training steps: 54000, Loss: 0.2375
2025-12-31 07:33:26,698 [training] [INFO] epoch 106 train loss:0.32825017726304484
2025-12-31 07:33:28,030 [training] [INFO] epoch 106 test loss:0.3508
2025-12-31 07:33:28,030 [training] [INFO] start training epochs 107
2025-12-31 07:33:30,486 [training] [INFO] training steps: 54100, Loss: 0.2600
2025-12-31 07:33:35,212 [training] [INFO] training steps: 54200, Loss: 0.3996
2025-12-31 07:33:39,939 [training] [INFO] training steps: 54300, Loss: 0.2929
2025-12-31 07:33:44,657 [training] [INFO] training steps: 54400, Loss: 0.2683
2025-12-31 07:33:49,380 [training] [INFO] training steps: 54500, Loss: 0.2898
2025-12-31 07:33:52,722 [training] [INFO] epoch 107 train loss:0.33197017975297627
2025-12-31 07:33:54,044 [training] [INFO] epoch 107 test loss:0.3747
2025-12-31 07:33:54,044 [training] [INFO] start training epochs 108
2025-12-31 07:33:56,004 [training] [INFO] training steps: 54600, Loss: 0.3467
2025-12-31 07:34:00,709 [training] [INFO] training steps: 54700, Loss: 0.3870
2025-12-31 07:34:05,403 [training] [INFO] training steps: 54800, Loss: 0.3320
2025-12-31 07:34:10,094 [training] [INFO] training steps: 54900, Loss: 0.3298
2025-12-31 07:34:14,790 [training] [INFO] training steps: 55000, Loss: 0.3092
2025-12-31 07:34:18,592 [training] [INFO] epoch 108 train loss:0.3307511595534343
2025-12-31 07:34:19,906 [training] [INFO] epoch 108 test loss:0.3033
2025-12-31 07:34:19,906 [training] [INFO] start training epochs 109
2025-12-31 07:34:21,426 [training] [INFO] training steps: 55100, Loss: 0.3108
2025-12-31 07:34:26,144 [training] [INFO] training steps: 55200, Loss: 0.2732
2025-12-31 07:34:30,859 [training] [INFO] training steps: 55300, Loss: 0.3375
2025-12-31 07:34:35,576 [training] [INFO] training steps: 55400, Loss: 0.3358
2025-12-31 07:34:40,298 [training] [INFO] training steps: 55500, Loss: 0.3311
2025-12-31 07:34:44,573 [training] [INFO] epoch 109 train loss:0.32607752347693725
2025-12-31 07:34:45,885 [training] [INFO] epoch 109 test loss:0.3876
2025-12-31 07:34:45,885 [training] [INFO] start training epochs 110
2025-12-31 07:34:46,924 [training] [INFO] training steps: 55600, Loss: 0.3803
2025-12-31 07:34:51,630 [training] [INFO] training steps: 55700, Loss: 0.3947
2025-12-31 07:34:56,339 [training] [INFO] training steps: 55800, Loss: 0.3414
2025-12-31 07:35:01,040 [training] [INFO] training steps: 55900, Loss: 0.2653
2025-12-31 07:35:05,739 [training] [INFO] training steps: 56000, Loss: 0.4564
2025-12-31 07:35:10,443 [training] [INFO] training steps: 56100, Loss: 0.3683
2025-12-31 07:35:10,469 [training] [INFO] epoch 110 train loss:0.3282080233389256
2025-12-31 07:35:11,803 [training] [INFO] epoch 110 test loss:0.3166
2025-12-31 07:35:11,803 [training] [INFO] start training epochs 111
2025-12-31 07:35:17,115 [training] [INFO] training steps: 56200, Loss: 0.3076
2025-12-31 07:35:21,846 [training] [INFO] training steps: 56300, Loss: 0.3774
2025-12-31 07:35:26,579 [training] [INFO] training steps: 56400, Loss: 0.3588
2025-12-31 07:35:31,312 [training] [INFO] training steps: 56500, Loss: 0.3711
2025-12-31 07:35:36,052 [training] [INFO] training steps: 56600, Loss: 0.3402
2025-12-31 07:35:36,562 [training] [INFO] epoch 111 train loss:0.33187713070827374
2025-12-31 07:35:37,864 [training] [INFO] epoch 111 test loss:0.3562
2025-12-31 07:35:37,865 [training] [INFO] start training epochs 112
2025-12-31 07:35:42,673 [training] [INFO] training steps: 56700, Loss: 0.3109
2025-12-31 07:35:47,372 [training] [INFO] training steps: 56800, Loss: 0.3144
2025-12-31 07:35:52,072 [training] [INFO] training steps: 56900, Loss: 0.3614
2025-12-31 07:35:56,777 [training] [INFO] training steps: 57000, Loss: 0.2673
2025-12-31 07:36:01,492 [training] [INFO] training steps: 57100, Loss: 0.3014
2025-12-31 07:36:02,469 [training] [INFO] epoch 112 train loss:0.3234195685561965
2025-12-31 07:36:03,808 [training] [INFO] epoch 112 test loss:0.3318
2025-12-31 07:36:03,809 [training] [INFO] start training epochs 113
2025-12-31 07:36:08,158 [training] [INFO] training steps: 57200, Loss: 0.2847
2025-12-31 07:36:12,887 [training] [INFO] training steps: 57300, Loss: 0.2794
2025-12-31 07:36:17,612 [training] [INFO] training steps: 57400, Loss: 0.4386
2025-12-31 07:36:22,334 [training] [INFO] training steps: 57500, Loss: 0.3829
2025-12-31 07:36:27,056 [training] [INFO] training steps: 57600, Loss: 0.2648
2025-12-31 07:36:28,506 [training] [INFO] epoch 113 train loss:0.328146971207039
2025-12-31 07:36:29,831 [training] [INFO] epoch 113 test loss:0.3099
2025-12-31 07:36:29,831 [training] [INFO] start training epochs 114
2025-12-31 07:36:33,673 [training] [INFO] training steps: 57700, Loss: 0.3097
2025-12-31 07:36:38,360 [training] [INFO] training steps: 57800, Loss: 0.5098
2025-12-31 07:36:43,049 [training] [INFO] training steps: 57900, Loss: 0.2784
2025-12-31 07:36:47,738 [training] [INFO] training steps: 58000, Loss: 0.3182
2025-12-31 07:36:52,433 [training] [INFO] training steps: 58100, Loss: 0.2731
2025-12-31 07:36:54,343 [training] [INFO] epoch 114 train loss:0.31525208622801537
2025-12-31 07:36:55,668 [training] [INFO] epoch 114 test loss:0.2871
2025-12-31 07:36:55,668 [training] [INFO] start training epochs 115
2025-12-31 07:36:59,037 [training] [INFO] training steps: 58200, Loss: 0.3725
2025-12-31 07:37:03,727 [training] [INFO] training steps: 58300, Loss: 0.3583
2025-12-31 07:37:08,429 [training] [INFO] training steps: 58400, Loss: 0.6666
2025-12-31 07:37:13,147 [training] [INFO] training steps: 58500, Loss: 0.2719
2025-12-31 07:37:17,857 [training] [INFO] training steps: 58600, Loss: 0.2545
2025-12-31 07:37:20,250 [training] [INFO] epoch 115 train loss:0.3185653159139203
2025-12-31 07:37:21,559 [training] [INFO] epoch 115 test loss:0.3547
2025-12-31 07:37:21,559 [training] [INFO] start training epochs 116
2025-12-31 07:37:24,487 [training] [INFO] training steps: 58700, Loss: 0.2965
2025-12-31 07:37:29,196 [training] [INFO] training steps: 58800, Loss: 0.3095
2025-12-31 07:37:33,910 [training] [INFO] training steps: 58900, Loss: 0.4080
2025-12-31 07:37:38,616 [training] [INFO] training steps: 59000, Loss: 0.3504
2025-12-31 07:37:43,323 [training] [INFO] training steps: 59100, Loss: 0.3083
2025-12-31 07:37:46,183 [training] [INFO] epoch 116 train loss:0.31945573179160847
2025-12-31 07:37:47,504 [training] [INFO] epoch 116 test loss:0.2928
2025-12-31 07:37:47,504 [training] [INFO] start training epochs 117
2025-12-31 07:37:49,941 [training] [INFO] training steps: 59200, Loss: 0.2600
2025-12-31 07:37:54,622 [training] [INFO] training steps: 59300, Loss: 0.2839
2025-12-31 07:37:59,301 [training] [INFO] training steps: 59400, Loss: 0.2842
2025-12-31 07:38:03,981 [training] [INFO] training steps: 59500, Loss: 0.3085
2025-12-31 07:38:08,668 [training] [INFO] training steps: 59600, Loss: 0.2844
2025-12-31 07:38:11,973 [training] [INFO] epoch 117 train loss:0.31708009412475663
2025-12-31 07:38:13,284 [training] [INFO] epoch 117 test loss:0.2879
2025-12-31 07:38:13,285 [training] [INFO] start training epochs 118
2025-12-31 07:38:15,262 [training] [INFO] training steps: 59700, Loss: 0.3330
2025-12-31 07:38:19,957 [training] [INFO] training steps: 59800, Loss: 0.3174
2025-12-31 07:38:24,653 [training] [INFO] training steps: 59900, Loss: 0.3010
2025-12-31 07:38:29,364 [training] [INFO] training steps: 60000, Loss: 0.2630
2025-12-31 07:38:34,070 [training] [INFO] training steps: 60100, Loss: 0.2530
2025-12-31 07:38:37,874 [training] [INFO] epoch 118 train loss:0.31519897977511085
2025-12-31 07:38:39,188 [training] [INFO] epoch 118 test loss:0.2775
2025-12-31 07:38:39,189 [training] [INFO] start training epochs 119
2025-12-31 07:38:40,689 [training] [INFO] training steps: 60200, Loss: 0.3750
2025-12-31 07:38:45,384 [training] [INFO] training steps: 60300, Loss: 0.2902
2025-12-31 07:38:50,080 [training] [INFO] training steps: 60400, Loss: 0.5312
2025-12-31 07:38:54,772 [training] [INFO] training steps: 60500, Loss: 0.2701
2025-12-31 07:38:59,462 [training] [INFO] training steps: 60600, Loss: 0.3251
2025-12-31 07:39:03,719 [training] [INFO] epoch 119 train loss:0.3174056829775081
2025-12-31 07:39:05,036 [training] [INFO] epoch 119 test loss:0.2694
2025-12-31 07:39:05,036 [training] [INFO] start training epochs 120
2025-12-31 07:39:06,056 [training] [INFO] training steps: 60700, Loss: 0.2826
2025-12-31 07:39:10,779 [training] [INFO] training steps: 60800, Loss: 0.2548
2025-12-31 07:39:15,491 [training] [INFO] training steps: 60900, Loss: 0.2787
2025-12-31 07:39:20,180 [training] [INFO] training steps: 61000, Loss: 0.2570
2025-12-31 07:39:24,873 [training] [INFO] training steps: 61100, Loss: 0.3587
2025-12-31 07:39:29,581 [training] [INFO] training steps: 61200, Loss: 0.3419
2025-12-31 07:39:29,608 [training] [INFO] epoch 120 train loss:0.3189607494309837
2025-12-31 07:39:30,921 [training] [INFO] epoch 120 test loss:0.2985
2025-12-31 07:39:30,921 [training] [INFO] start training epochs 121
2025-12-31 07:39:36,162 [training] [INFO] training steps: 61300, Loss: 0.3449
2025-12-31 07:39:40,845 [training] [INFO] training steps: 61400, Loss: 0.3096
2025-12-31 07:39:45,534 [training] [INFO] training steps: 61500, Loss: 0.3035
2025-12-31 07:39:50,223 [training] [INFO] training steps: 61600, Loss: 0.3693
2025-12-31 07:39:54,908 [training] [INFO] training steps: 61700, Loss: 0.3636
2025-12-31 07:39:55,412 [training] [INFO] epoch 121 train loss:0.3153081131039881
2025-12-31 07:39:56,733 [training] [INFO] epoch 121 test loss:0.3111
2025-12-31 07:39:56,733 [training] [INFO] start training epochs 122
2025-12-31 07:40:01,561 [training] [INFO] training steps: 61800, Loss: 0.2881
2025-12-31 07:40:06,290 [training] [INFO] training steps: 61900, Loss: 0.2697
2025-12-31 07:40:11,016 [training] [INFO] training steps: 62000, Loss: 0.2339
2025-12-31 07:40:15,739 [training] [INFO] training steps: 62100, Loss: 0.4260
2025-12-31 07:40:20,456 [training] [INFO] training steps: 62200, Loss: 0.2917
2025-12-31 07:40:21,428 [training] [INFO] epoch 122 train loss:0.31502375193670684
2025-12-31 07:40:22,763 [training] [INFO] epoch 122 test loss:0.3214
2025-12-31 07:40:22,764 [training] [INFO] start training epochs 123
2025-12-31 07:40:27,127 [training] [INFO] training steps: 62300, Loss: 0.2958
2025-12-31 07:40:31,830 [training] [INFO] training steps: 62400, Loss: 0.2170
2025-12-31 07:40:36,537 [training] [INFO] training steps: 62500, Loss: 0.4583
2025-12-31 07:40:41,246 [training] [INFO] training steps: 62600, Loss: 0.3108
2025-12-31 07:40:45,962 [training] [INFO] training steps: 62700, Loss: 0.3118
2025-12-31 07:40:47,410 [training] [INFO] epoch 123 train loss:0.31379366771263234
2025-12-31 07:40:48,734 [training] [INFO] epoch 123 test loss:0.3050
2025-12-31 07:40:48,734 [training] [INFO] start training epochs 124
2025-12-31 07:40:52,602 [training] [INFO] training steps: 62800, Loss: 0.4993
2025-12-31 07:40:57,290 [training] [INFO] training steps: 62900, Loss: 0.2914
2025-12-31 07:41:01,981 [training] [INFO] training steps: 63000, Loss: 0.2335
2025-12-31 07:41:06,676 [training] [INFO] training steps: 63100, Loss: 0.2556
2025-12-31 07:41:11,363 [training] [INFO] training steps: 63200, Loss: 0.2906
2025-12-31 07:41:13,273 [training] [INFO] epoch 124 train loss:0.3086398247702449
2025-12-31 07:41:14,608 [training] [INFO] epoch 124 test loss:0.2856
2025-12-31 07:41:14,609 [training] [INFO] start training epochs 125
2025-12-31 07:41:17,963 [training] [INFO] training steps: 63300, Loss: 0.2964
2025-12-31 07:41:22,690 [training] [INFO] training steps: 63400, Loss: 0.3248
2025-12-31 07:41:27,408 [training] [INFO] training steps: 63500, Loss: 0.3068
2025-12-31 07:41:32,124 [training] [INFO] training steps: 63600, Loss: 0.3766
2025-12-31 07:41:36,843 [training] [INFO] training steps: 63700, Loss: 0.3473
2025-12-31 07:41:39,235 [training] [INFO] epoch 125 train loss:0.31114524214291106
2025-12-31 07:41:40,542 [training] [INFO] epoch 125 test loss:0.2840
2025-12-31 07:41:40,543 [training] [INFO] start training epochs 126
2025-12-31 07:41:43,449 [training] [INFO] training steps: 63800, Loss: 0.3711
2025-12-31 07:41:48,123 [training] [INFO] training steps: 63900, Loss: 0.3492
2025-12-31 07:41:52,797 [training] [INFO] training steps: 64000, Loss: 0.2857
2025-12-31 07:41:57,476 [training] [INFO] training steps: 64100, Loss: 0.2770
2025-12-31 07:42:02,157 [training] [INFO] training steps: 64200, Loss: 0.3122
2025-12-31 07:42:05,005 [training] [INFO] epoch 126 train loss:0.3186714980239962
2025-12-31 07:42:06,309 [training] [INFO] epoch 126 test loss:0.2894
2025-12-31 07:42:06,309 [training] [INFO] start training epochs 127
2025-12-31 07:42:08,754 [training] [INFO] training steps: 64300, Loss: 0.3475
2025-12-31 07:42:13,437 [training] [INFO] training steps: 64400, Loss: 0.2905
2025-12-31 07:42:18,121 [training] [INFO] training steps: 64500, Loss: 0.3118
2025-12-31 07:42:22,810 [training] [INFO] training steps: 64600, Loss: 0.3248
2025-12-31 07:42:27,495 [training] [INFO] training steps: 64700, Loss: 0.3423
2025-12-31 07:42:30,810 [training] [INFO] epoch 127 train loss:0.3076293649626713
2025-12-31 07:42:32,131 [training] [INFO] epoch 127 test loss:0.2876
2025-12-31 07:42:32,132 [training] [INFO] start training epochs 128
2025-12-31 07:42:34,074 [training] [INFO] training steps: 64800, Loss: 0.2566
2025-12-31 07:42:38,776 [training] [INFO] training steps: 64900, Loss: 0.3170
2025-12-31 07:42:43,477 [training] [INFO] training steps: 65000, Loss: 0.3262
2025-12-31 07:42:48,173 [training] [INFO] training steps: 65100, Loss: 0.4455
2025-12-31 07:42:52,868 [training] [INFO] training steps: 65200, Loss: 0.3068
2025-12-31 07:42:56,664 [training] [INFO] epoch 128 train loss:0.3115165230398085
2025-12-31 07:42:57,984 [training] [INFO] epoch 128 test loss:0.2990
2025-12-31 07:42:57,985 [training] [INFO] start training epochs 129
2025-12-31 07:42:59,482 [training] [INFO] training steps: 65300, Loss: 0.2797
2025-12-31 07:43:04,225 [training] [INFO] training steps: 65400, Loss: 0.3038
2025-12-31 07:43:08,970 [training] [INFO] training steps: 65500, Loss: 0.2214
2025-12-31 07:43:13,754 [training] [INFO] training steps: 65600, Loss: 0.2854
2025-12-31 07:43:18,564 [training] [INFO] training steps: 65700, Loss: 0.3053
2025-12-31 07:43:23,005 [training] [INFO] epoch 129 train loss:0.30548936745115357
2025-12-31 07:43:24,332 [training] [INFO] epoch 129 test loss:0.2746
2025-12-31 07:43:24,332 [training] [INFO] start training epochs 130
2025-12-31 07:43:25,332 [training] [INFO] training steps: 65800, Loss: 0.8044
2025-12-31 07:43:30,122 [training] [INFO] training steps: 65900, Loss: 0.3240
2025-12-31 07:43:34,919 [training] [INFO] training steps: 66000, Loss: 0.2320
2025-12-31 07:43:39,725 [training] [INFO] training steps: 66100, Loss: 0.3952
2025-12-31 07:43:44,521 [training] [INFO] training steps: 66200, Loss: 0.2696
2025-12-31 07:43:49,390 [training] [INFO] training steps: 66300, Loss: 0.3222
2025-12-31 07:43:49,424 [training] [INFO] epoch 130 train loss:0.30899614644985574
2025-12-31 07:43:50,751 [training] [INFO] epoch 130 test loss:0.3074
2025-12-31 07:43:50,751 [training] [INFO] start training epochs 131
2025-12-31 07:43:56,127 [training] [INFO] training steps: 66400, Loss: 0.3511
2025-12-31 07:44:00,953 [training] [INFO] training steps: 66500, Loss: 0.3263
2025-12-31 07:44:05,776 [training] [INFO] training steps: 66600, Loss: 0.4360
2025-12-31 07:44:10,645 [training] [INFO] training steps: 66700, Loss: 0.3344
2025-12-31 07:44:15,454 [training] [INFO] training steps: 66800, Loss: 0.2783
2025-12-31 07:44:15,981 [training] [INFO] epoch 131 train loss:0.30546779688082487
2025-12-31 07:44:17,316 [training] [INFO] epoch 131 test loss:0.3116
2025-12-31 07:44:17,317 [training] [INFO] start training epochs 132
2025-12-31 07:44:22,240 [training] [INFO] training steps: 66900, Loss: 0.3520
2025-12-31 07:44:27,061 [training] [INFO] training steps: 67000, Loss: 0.2722
2025-12-31 07:44:31,987 [training] [INFO] training steps: 67100, Loss: 0.2522
2025-12-31 07:44:36,802 [training] [INFO] training steps: 67200, Loss: 0.3383
2025-12-31 07:44:41,606 [training] [INFO] training steps: 67300, Loss: 0.2387
2025-12-31 07:44:42,612 [training] [INFO] epoch 132 train loss:0.3030684960239074
2025-12-31 07:44:43,963 [training] [INFO] epoch 132 test loss:0.2756
2025-12-31 07:44:43,964 [training] [INFO] start training epochs 133
2025-12-31 07:44:48,362 [training] [INFO] training steps: 67400, Loss: 0.3013
2025-12-31 07:44:53,164 [training] [INFO] training steps: 67500, Loss: 0.2908
2025-12-31 07:44:58,036 [training] [INFO] training steps: 67600, Loss: 0.3868
2025-12-31 07:45:02,855 [training] [INFO] training steps: 67700, Loss: 0.3436
2025-12-31 07:45:07,669 [training] [INFO] training steps: 67800, Loss: 0.3995
2025-12-31 07:45:09,157 [training] [INFO] epoch 133 train loss:0.2994203844198994
2025-12-31 07:45:10,479 [training] [INFO] epoch 133 test loss:0.3685
2025-12-31 07:45:10,480 [training] [INFO] start training epochs 134
2025-12-31 07:45:14,381 [training] [INFO] training steps: 67900, Loss: 0.3436
2025-12-31 07:45:19,268 [training] [INFO] training steps: 68000, Loss: 0.4102
2025-12-31 07:45:24,093 [training] [INFO] training steps: 68100, Loss: 0.2641
2025-12-31 07:45:28,917 [training] [INFO] training steps: 68200, Loss: 0.2540
2025-12-31 07:45:33,737 [training] [INFO] training steps: 68300, Loss: 0.2552
2025-12-31 07:45:35,705 [training] [INFO] epoch 134 train loss:0.3073771046949368
2025-12-31 07:45:37,044 [training] [INFO] epoch 134 test loss:0.2863
2025-12-31 07:45:37,045 [training] [INFO] start training epochs 135
2025-12-31 07:45:40,503 [training] [INFO] training steps: 68400, Loss: 0.3178
2025-12-31 07:45:45,314 [training] [INFO] training steps: 68500, Loss: 0.2941
2025-12-31 07:45:50,056 [training] [INFO] training steps: 68600, Loss: 0.4425
2025-12-31 07:45:54,804 [training] [INFO] training steps: 68700, Loss: 0.3050
2025-12-31 07:45:59,547 [training] [INFO] training steps: 68800, Loss: 0.2429
2025-12-31 07:46:01,952 [training] [INFO] epoch 135 train loss:0.3028211890774615
2025-12-31 07:46:03,343 [training] [INFO] epoch 135 test loss:0.2691
2025-12-31 07:46:03,343 [training] [INFO] start training epochs 136
2025-12-31 07:46:06,449 [training] [INFO] training steps: 68900, Loss: 0.3937
2025-12-31 07:46:11,406 [training] [INFO] training steps: 69000, Loss: 0.2690
2025-12-31 07:46:16,239 [training] [INFO] training steps: 69100, Loss: 0.2398
2025-12-31 07:46:21,070 [training] [INFO] training steps: 69200, Loss: 0.3726
2025-12-31 07:46:25,847 [training] [INFO] training steps: 69300, Loss: 0.4192
2025-12-31 07:46:28,739 [training] [INFO] epoch 136 train loss:0.301854349146871
2025-12-31 07:46:30,079 [training] [INFO] epoch 136 test loss:0.2626
2025-12-31 07:46:30,079 [training] [INFO] start training epochs 137
2025-12-31 07:46:32,528 [training] [INFO] training steps: 69400, Loss: 0.3007
2025-12-31 07:46:37,284 [training] [INFO] training steps: 69500, Loss: 0.2808
2025-12-31 07:46:42,009 [training] [INFO] training steps: 69600, Loss: 0.3530
2025-12-31 07:46:46,744 [training] [INFO] training steps: 69700, Loss: 0.2941
2025-12-31 07:46:51,477 [training] [INFO] training steps: 69800, Loss: 0.2870
2025-12-31 07:46:54,817 [training] [INFO] epoch 137 train loss:0.30300715510167325
2025-12-31 07:46:56,138 [training] [INFO] epoch 137 test loss:0.3141
2025-12-31 07:46:56,138 [training] [INFO] start training epochs 138
2025-12-31 07:46:58,103 [training] [INFO] training steps: 69900, Loss: 0.3147
2025-12-31 07:47:02,918 [training] [INFO] training steps: 70000, Loss: 0.2536
2025-12-31 07:47:07,692 [training] [INFO] training steps: 70100, Loss: 0.2694
2025-12-31 07:47:12,486 [training] [INFO] training steps: 70200, Loss: 0.3415
2025-12-31 07:47:17,269 [training] [INFO] training steps: 70300, Loss: 0.3231
2025-12-31 07:47:21,114 [training] [INFO] epoch 138 train loss:0.3020637804971022
2025-12-31 07:47:22,440 [training] [INFO] epoch 138 test loss:0.2757
2025-12-31 07:47:22,441 [training] [INFO] start training epochs 139
2025-12-31 07:47:23,977 [training] [INFO] training steps: 70400, Loss: 0.3608
2025-12-31 07:47:28,749 [training] [INFO] training steps: 70500, Loss: 0.3132
2025-12-31 07:47:33,483 [training] [INFO] training steps: 70600, Loss: 0.3575
2025-12-31 07:47:38,226 [training] [INFO] training steps: 70700, Loss: 0.2674
2025-12-31 07:47:43,006 [training] [INFO] training steps: 70800, Loss: 0.2721
2025-12-31 07:47:47,348 [training] [INFO] epoch 139 train loss:0.2935304574230138
2025-12-31 07:47:48,658 [training] [INFO] epoch 139 test loss:0.2953
2025-12-31 07:47:48,658 [training] [INFO] start training epochs 140
2025-12-31 07:47:49,672 [training] [INFO] training steps: 70900, Loss: 0.2699
2025-12-31 07:47:54,424 [training] [INFO] training steps: 71000, Loss: 0.3592
2025-12-31 07:47:59,200 [training] [INFO] training steps: 71100, Loss: 0.2037
2025-12-31 07:48:03,961 [training] [INFO] training steps: 71200, Loss: 0.2811
2025-12-31 07:48:08,718 [training] [INFO] training steps: 71300, Loss: 0.2463
2025-12-31 07:48:13,473 [training] [INFO] training steps: 71400, Loss: 0.2983
2025-12-31 07:48:13,499 [training] [INFO] epoch 140 train loss:0.29703110456466675
2025-12-31 07:48:14,830 [training] [INFO] epoch 140 test loss:0.2801
2025-12-31 07:48:14,831 [training] [INFO] start training epochs 141
2025-12-31 07:48:20,176 [training] [INFO] training steps: 71500, Loss: 0.3102
2025-12-31 07:48:24,967 [training] [INFO] training steps: 71600, Loss: 0.2376
2025-12-31 07:48:29,755 [training] [INFO] training steps: 71700, Loss: 0.3269
2025-12-31 07:48:34,548 [training] [INFO] training steps: 71800, Loss: 0.3373
2025-12-31 07:48:39,331 [training] [INFO] training steps: 71900, Loss: 0.2851
2025-12-31 07:48:39,846 [training] [INFO] epoch 141 train loss:0.2966256198345446
2025-12-31 07:48:41,192 [training] [INFO] epoch 141 test loss:0.2825
2025-12-31 07:48:41,192 [training] [INFO] start training epochs 142
2025-12-31 07:48:46,025 [training] [INFO] training steps: 72000, Loss: 0.4514
2025-12-31 07:48:50,768 [training] [INFO] training steps: 72100, Loss: 0.4327
2025-12-31 07:48:55,491 [training] [INFO] training steps: 72200, Loss: 0.2895
2025-12-31 07:49:00,261 [training] [INFO] training steps: 72300, Loss: 0.3136
2025-12-31 07:49:05,012 [training] [INFO] training steps: 72400, Loss: 0.3160
2025-12-31 07:49:05,998 [training] [INFO] epoch 142 train loss:0.2948100611859677
2025-12-31 07:49:07,328 [training] [INFO] epoch 142 test loss:0.3936
2025-12-31 07:49:07,329 [training] [INFO] start training epochs 143
2025-12-31 07:49:11,696 [training] [INFO] training steps: 72500, Loss: 0.2727
2025-12-31 07:49:16,468 [training] [INFO] training steps: 72600, Loss: 0.2739
2025-12-31 07:49:21,220 [training] [INFO] training steps: 72700, Loss: 0.2488
2025-12-31 07:49:25,979 [training] [INFO] training steps: 72800, Loss: 0.2572
2025-12-31 07:49:30,722 [training] [INFO] training steps: 72900, Loss: 0.3337
2025-12-31 07:49:32,176 [training] [INFO] epoch 143 train loss:0.2994933942953745
2025-12-31 07:49:33,519 [training] [INFO] epoch 143 test loss:0.3267
2025-12-31 07:49:33,519 [training] [INFO] start training epochs 144
2025-12-31 07:49:37,430 [training] [INFO] training steps: 73000, Loss: 0.2569
2025-12-31 07:49:42,160 [training] [INFO] training steps: 73100, Loss: 0.2511
2025-12-31 07:49:46,960 [training] [INFO] training steps: 73200, Loss: 0.3796
2025-12-31 07:49:51,730 [training] [INFO] training steps: 73300, Loss: 0.2991
2025-12-31 07:49:56,495 [training] [INFO] training steps: 73400, Loss: 0.5099
2025-12-31 07:49:58,433 [training] [INFO] epoch 144 train loss:0.29720332946847466
2025-12-31 07:49:59,755 [training] [INFO] epoch 144 test loss:0.2945
2025-12-31 07:49:59,756 [training] [INFO] start training epochs 145
2025-12-31 07:50:03,184 [training] [INFO] training steps: 73500, Loss: 0.3532
2025-12-31 07:50:07,953 [training] [INFO] training steps: 73600, Loss: 0.3178
2025-12-31 07:50:12,743 [training] [INFO] training steps: 73700, Loss: 0.2906
2025-12-31 07:50:17,478 [training] [INFO] training steps: 73800, Loss: 0.2438
2025-12-31 07:50:22,249 [training] [INFO] training steps: 73900, Loss: 0.3518
2025-12-31 07:50:24,667 [training] [INFO] epoch 145 train loss:0.29710158436906103
2025-12-31 07:50:25,990 [training] [INFO] epoch 145 test loss:0.2763
2025-12-31 07:50:25,990 [training] [INFO] start training epochs 146
2025-12-31 07:50:28,951 [training] [INFO] training steps: 74000, Loss: 0.2746
2025-12-31 07:50:33,726 [training] [INFO] training steps: 74100, Loss: 0.2931
2025-12-31 07:50:38,496 [training] [INFO] training steps: 74200, Loss: 0.3499
2025-12-31 07:50:43,257 [training] [INFO] training steps: 74300, Loss: 0.3591
2025-12-31 07:50:48,012 [training] [INFO] training steps: 74400, Loss: 0.2670
2025-12-31 07:50:50,889 [training] [INFO] epoch 146 train loss:0.2909218601736368
2025-12-31 07:50:52,202 [training] [INFO] epoch 146 test loss:0.2774
2025-12-31 07:50:52,202 [training] [INFO] start training epochs 147
2025-12-31 07:50:54,637 [training] [INFO] training steps: 74500, Loss: 0.2531
2025-12-31 07:50:59,375 [training] [INFO] training steps: 74600, Loss: 0.2545
2025-12-31 07:51:04,124 [training] [INFO] training steps: 74700, Loss: 0.2575
2025-12-31 07:51:08,911 [training] [INFO] training steps: 74800, Loss: 0.4393
2025-12-31 07:51:13,690 [training] [INFO] training steps: 74900, Loss: 0.2718
2025-12-31 07:51:17,074 [training] [INFO] epoch 147 train loss:0.28981766093010997
2025-12-31 07:51:18,418 [training] [INFO] epoch 147 test loss:0.2976
2025-12-31 07:51:18,419 [training] [INFO] start training epochs 148
2025-12-31 07:51:20,407 [training] [INFO] training steps: 75000, Loss: 0.2670
2025-12-31 07:51:25,205 [training] [INFO] training steps: 75100, Loss: 0.3636
2025-12-31 07:51:30,140 [training] [INFO] training steps: 75200, Loss: 0.4473
2025-12-31 07:51:34,932 [training] [INFO] training steps: 75300, Loss: 0.3077
2025-12-31 07:51:39,723 [training] [INFO] training steps: 75400, Loss: 0.2655
2025-12-31 07:51:43,579 [training] [INFO] epoch 148 train loss:0.2908341808061974
2025-12-31 07:51:44,949 [training] [INFO] epoch 148 test loss:0.2852
2025-12-31 07:51:44,949 [training] [INFO] start training epochs 149
2025-12-31 07:51:46,485 [training] [INFO] training steps: 75500, Loss: 0.3567
2025-12-31 07:51:51,286 [training] [INFO] training steps: 75600, Loss: 0.2562
2025-12-31 07:51:56,065 [training] [INFO] training steps: 75700, Loss: 0.2985
2025-12-31 07:52:00,841 [training] [INFO] training steps: 75800, Loss: 0.2493
2025-12-31 07:52:05,599 [training] [INFO] training steps: 75900, Loss: 0.2660
2025-12-31 07:52:09,918 [training] [INFO] epoch 149 train loss:0.2969287453328862
2025-12-31 07:52:11,250 [training] [INFO] epoch 149 test loss:0.2891
2025-12-31 07:52:11,250 [training] [INFO] start training epochs 150
2025-12-31 07:52:12,294 [training] [INFO] training steps: 76000, Loss: 0.3477
2025-12-31 07:52:17,019 [training] [INFO] training steps: 76100, Loss: 0.2940
2025-12-31 07:52:21,850 [training] [INFO] training steps: 76200, Loss: 0.2615
2025-12-31 07:52:26,604 [training] [INFO] training steps: 76300, Loss: 0.2857
2025-12-31 07:52:31,350 [training] [INFO] training steps: 76400, Loss: 0.3467
2025-12-31 07:52:36,273 [training] [INFO] training steps: 76500, Loss: 0.3552
2025-12-31 07:52:36,300 [training] [INFO] epoch 150 train loss:0.2890629415126408
2025-12-31 07:52:37,669 [training] [INFO] epoch 150 test loss:0.2565
2025-12-31 07:52:37,670 [training] [INFO] training complete!
2025-12-31 07:52:37,817 [training] [INFO] training model saved
